(IT.BESE.ARNESI:+INFO+ 3521141212 IT.BESE.UCW::UCW.BACKEND "Registered application #<EXAMPLE-APPLICATION / {10030CD161}> created by IT.BESE.UCW-USER::*EXAMPLE-APPLICATION*")
(IT.BESE.ARNESI:+INFO+ 3521141212 IT.BESE.UCW::UCW.BACKEND "Registered application #<STANDARD-APPLICATION /ucw/ {10067E7151}> created by IT.BESE.UCW::*ADMIN-APPLICATION*")
(IT.BESE.ARNESI:+INFO+ 3521141212 IT.BESE.UCW::UCW.BACKEND "Registered application #<L10N-APPLICATION /l10n/ {10030FE8A1}> created by (WHEN (BOUNDP 'IT.BESE.UCW-USER::*L10N-EXAMPLE-APPLICATION*) IT.BESE.UCW-USER::*L10N-EXAMPLE-APPLICATION*)")
(IT.BESE.ARNESI:+INFO+ 3521141212 IT.BESE.UCW::UCW.BACKEND "Registered application #<SHARED-COUNTER-APPLICATION /shared-counter/ {1002D135E1}> created by (WHEN (BOUNDP 'IT.BESE.UCW-USER::*SHARED-COUNTER-APPLICATION*) IT.BESE.UCW-USER::*SHARED-COUNTER-APPLICATION*)")
(IT.BESE.ARNESI:+INFO+ 3521141213 IT.BESE.UCW::UCW.BACKEND "Spawned new worker thread #<HTTPD-WORKER httpd worker 0 {10037C8691}>")
(IT.BESE.ARNESI:+INFO+ 3521141213 IT.BESE.UCW::UCW.BACKEND "Spawned new worker thread #<HTTPD-WORKER httpd worker 1 {1003CF9131}>")
(IT.BESE.ARNESI:+INFO+ 3521141259 IT.BESE.UCW::UCW.BACKEND "Handling request from #(127 0 0 1) for \"/\"")
(IT.BESE.ARNESI:+INFO+ 3521141262 IT.BESE.UCW::UCW.BACKEND "Handled request in 3.768 secs (request came from #(127 0 0 1) for \"/\")")
(IT.BESE.ARNESI:+INFO+ 3521141263 IT.BESE.UCW::UCW.BACKEND "Spawned new worker thread #<HTTPD-WORKER httpd worker 2 {1002A386A1}>")
(IT.BESE.ARNESI:+INFO+ 3521141263 IT.BESE.UCW::UCW.BACKEND "Spawned new worker thread #<HTTPD-WORKER httpd worker 3 {10038D89E1}>")
(IT.BESE.ARNESI:+INFO+ 3521141263 IT.BESE.UCW::UCW.BACKEND "Spawned new worker thread #<HTTPD-WORKER httpd worker 4 {10038DFDA1}>")
(IT.BESE.ARNESI:+INFO+ 3521141263 IT.BESE.UCW::UCW.BACKEND "Spawned new worker thread #<HTTPD-WORKER httpd worker 5 {10038EF161}>")
(IT.BESE.ARNESI:+INFO+ 3521141263 IT.BESE.UCW::UCW.BACKEND "Handling request from #(127 0 0 1) for \"/static/ucw/ucw.css\"")
(IT.BESE.ARNESI:+INFO+ 3521141263 IT.BESE.UCW::UCW.BACKEND "Handling request from #(127 0 0 1) for \"/static/examples.css\"")
(IT.BESE.ARNESI:+INFO+ 3521141263 IT.BESE.UCW::UCW.BACKEND "Handling request from #(127 0 0 1) for \"/static/dojo/dojo.js\"")
(IT.BESE.ARNESI:+INFO+ 3521141263 IT.BESE.UCW::UCW.BACKEND "Handling request from #(127 0 0 1) for \"/dynamic/js/functional.js\"")
(IT.BESE.ARNESI:+INFO+ 3521141263 IT.BESE.UCW::UCW.BACKEND "Handled request in 0.268 secs (request came from #(127 0 0 1) for \"/static/dojo/dojo.js\")")
(IT.BESE.ARNESI:+INFO+ 3521141263 IT.BESE.UCW::UCW.BACKEND "Handling request from #(127 0 0 1) for \"/dynamic/js/per-application.js\"")
(IT.BESE.ARNESI:+INFO+ 3521141263 IT.BESE.UCW::UCW.BACKEND "Handling request from #(127 0 0 1) for \"/static/favicon.ico\"")
(IT.BESE.ARNESI:+INFO+ 3521141263 IT.BESE.UCW::UCW.BACKEND "Handling request from #(127 0 0 1) for \"/static/dojo/src/debug.js\"")
(IT.BESE.ARNESI:+INFO+ 3521141263 IT.BESE.UCW::UCW.BACKEND "Handling request from #(127 0 0 1) for \"/static/dojo/src/browser_debug.js\"")
(IT.BESE.ARNESI:+INFO+ 3521141264 IT.BESE.UCW::UCW.BACKEND "Handled request in 0.753 secs (request came from #(127 0 0 1) for \"/dynamic/js/functional.js\")")
(IT.BESE.ARNESI:+INFO+ 3521141264 IT.BESE.UCW::UCW.BACKEND "Handled request in 0.870 secs (request came from #(127 0 0 1) for \"/dynamic/js/per-application.js\")")
(IT.BESE.ARNESI:+INFO+ 3521141264 IT.BESE.UCW::UCW.BACKEND "Handling request from #(127 0 0 1) for \"/dynamic/js/per-locale.js\"")
(IT.BESE.ARNESI:+INFO+ 3521141264 IT.BESE.UCW::UCW.BACKEND "Handled request in 0.071 secs (request came from #(127 0 0 1) for \"/dynamic/js/per-locale.js\")")
(IT.BESE.ARNESI:+INFO+ 3521141264 IT.BESE.UCW::UCW.BACKEND "Handling request from #(127 0 0 1) for \"/static/dojo/src/debug/console.js\"")
(IT.BESE.ARNESI:+INFO+ 3521141264 IT.BESE.UCW::UCW.BACKEND "Handled request in 0.051 secs (request came from #(127 0 0 1) for \"/static/dojo/src/debug/console.js\")")
(IT.BESE.ARNESI:+INFO+ 3521141264 IT.BESE.UCW::UCW.BACKEND "Handling request from #(127 0 0 1) for \"/static/dojo/src/lang/__package__.js\"")
(IT.BESE.ARNESI:+INFO+ 3521141264 IT.BESE.UCW::UCW.BACKEND "Handling request from #(127 0 0 1) for \"/static/dojo/src/lang/assert.js\"")
(IT.BESE.ARNESI:+INFO+ 3521141264 IT.BESE.UCW::UCW.BACKEND "Handling request from #(127 0 0 1) for \"/static/dojo/src/lang/type.js\"")
(IT.BESE.ARNESI:+INFO+ 3521141265 IT.BESE.UCW::UCW.BACKEND "Handled request in 0.116 secs (request came from #(127 0 0 1) for \"/static/dojo/src/lang/type.js\")")
(IT.BESE.ARNESI:+INFO+ 3521141265 IT.BESE.UCW::UCW.BACKEND "Handling request from #(127 0 0 1) for \"/static/dojo/src/lang/repr.js\"")
(IT.BESE.ARNESI:+INFO+ 3521141265 IT.BESE.UCW::UCW.BACKEND "Handling request from #(127 0 0 1) for \"/static/dojo/src/AdapterRegistry.js\"")
(IT.BESE.ARNESI:+INFO+ 3521141265 IT.BESE.UCW::UCW.BACKEND "Handling request from #(127 0 0 1) for \"/static/dojo/src/logging/ConsoleLogger.js\"")
(IT.BESE.ARNESI:+INFO+ 3521141265 IT.BESE.UCW::UCW.BACKEND "Handling request from #(127 0 0 1) for \"/static/dojo/src/namespaces/dojo.js\"")
(IT.BESE.ARNESI:+INFO+ 3521141265 IT.BESE.UCW::UCW.BACKEND "Handling request from #(127 0 0 1) for \"/static/dojo/src/widget/templates/images/tab_close.gif\"")
(IT.BESE.ARNESI:+INFO+ 3521141265 IT.BESE.UCW::UCW.BACKEND "Handling request from #(127 0 0 1) for \"/static/dojo/src/widget/SplitContainer.js\"")
(IT.BESE.ARNESI:+INFO+ 3521141265 IT.BESE.UCW::UCW.BACKEND "Handling request from #(127 0 0 1) for \"/static/dojo/src/widget/ContentPane.js\"")
(IT.BESE.ARNESI:+INFO+ 3521141269 IT.BESE.UCW::UCW.BACKEND "Handling request from #(127 0 0 1) for \"/dynamic/ajax?%5Fs=_aooPuhnPkpJvCkhqlmXoPjdZIYyjOpivPMopTnBm&%5Ff=_aQVKLyvMJswXCwEEKhAk&%5Fa=_nEPhVkHmeq&%5Fi=674335\"")
(IT.BESE.ARNESI:+INFO+ 3521141270 IT.BESE.UCW::UCW.BACKEND "Handled request in 0.166 secs (request came from #(127 0 0 1) for \"/dynamic/ajax?%5Fs=_aooPuhnPkpJvCkhqlmXoPjdZIYyjOpivPMopTnBm&%5Ff=_aQVKLyvMJswXCwEEKhAk&%5Fa=_nEPhVkHmeq&%5Fi=674335\")")
(IT.BESE.ARNESI:+INFO+ 3521141271 IT.BESE.UCW::UCW.BACKEND "Handling request from #(127 0 0 1) for \"/?%5Fs=_aooPuhnPkpJvCkhqlmXoPjdZIYyjOpivPMopTnBm&%5Ff=_aQVKLyvMJswXCwEEKhAk&%5Fa=_kELRXlxgDk&%5Fi=393688\"")
(IT.BESE.ARNESI:+INFO+ 3521141272 IT.BESE.UCW::UCW.BACKEND "Handled request in 0.132 secs (request came from #(127 0 0 1) for \"/?%5Fs=_aooPuhnPkpJvCkhqlmXoPjdZIYyjOpivPMopTnBm&%5Ff=_aQVKLyvMJswXCwEEKhAk&%5Fa=_kELRXlxgDk&%5Fi=393688\")")
(IT.BESE.ARNESI:+INFO+ 3521141274 IT.BESE.UCW::UCW.BACKEND "Handling request from #(127 0 0 1) for \"/?%5Fs=_aooPuhnPkpJvCkhqlmXoPjdZIYyjOpivPMopTnBm&%5Ff=_LGROiGPOIKqAFUOtrPsS&%5Fa=_xiHKOhuria&%5Fi=50490\"")
(IT.BESE.ARNESI:+INFO+ 3521141275 IT.BESE.UCW::UCW.BACKEND "Handling request from #(127 0 0 1) for \"/?%5Fs=_aooPuhnPkpJvCkhqlmXoPjdZIYyjOpivPMopTnBm&%5Ff=_GPUqGLWHxJPKXNLkUNxI&%5Fa=_qCqjtUBOWD&%5Fi=855741\"")
(IT.BESE.ARNESI:+INFO+ 3521141275 IT.BESE.UCW::UCW.BACKEND "Handled request in 0.052 secs (request came from #(127 0 0 1) for \"/?%5Fs=_aooPuhnPkpJvCkhqlmXoPjdZIYyjOpivPMopTnBm&%5Ff=_GPUqGLWHxJPKXNLkUNxI&%5Fa=_qCqjtUBOWD&%5Fi=855741\")")
(IT.BESE.ARNESI:+INFO+ 3521141276 IT.BESE.UCW::UCW.BACKEND "Handling request from #(127 0 0 1) for \"/dynamic/ajax?%5Fs=_aooPuhnPkpJvCkhqlmXoPjdZIYyjOpivPMopTnBm&%5Ff=_tYjFrlvxptyHOKjkSfAW&%5Fa=_EcCIhyaIlC&%5Fi=610019\"")
(IT.BESE.ARNESI:+INFO+ 3521141277 IT.BESE.UCW::UCW.BACKEND "Handling request from #(127 0 0 1) for \"/dynamic/ajax?%5Fs=_aooPuhnPkpJvCkhqlmXoPjdZIYyjOpivPMopTnBm&%5Ff=_tYjFrlvxptyHOKjkSfAW&%5Fa=_OhkoxmfKZS&%5Fi=750660\"")
(IT.BESE.ARNESI:+INFO+ 3521141278 IT.BESE.UCW::UCW.BACKEND "Handling request from #(127 0 0 1) for \"/dynamic/ajax?%5Fs=_aooPuhnPkpJvCkhqlmXoPjdZIYyjOpivPMopTnBm&%5Ff=_tYjFrlvxptyHOKjkSfAW&%5Fa=_fIpfawFDDw&%5Fi=203245\"")
(IT.BESE.ARNESI:+INFO+ 3521141278 IT.BESE.UCW::UCW.BACKEND "Handling request from #(127 0 0 1) for \"/dynamic/ajax?%5Fs=_aooPuhnPkpJvCkhqlmXoPjdZIYyjOpivPMopTnBm&%5Ff=_ENsZRANMxwiXiKrdxikE&%5Fa=_zhgmgHOvgP&%5Fi=996406\"")
(IT.BESE.ARNESI:+INFO+ 3521141279 IT.BESE.UCW::UCW.BACKEND "Handling request from #(127 0 0 1) for \"/dynamic/ajax?%5Fs=_aooPuhnPkpJvCkhqlmXoPjdZIYyjOpivPMopTnBm&%5Ff=_KYHkKplXpJZIMDHEDuqB&%5Fa=_jIFouuruDe&%5Fi=584696\"")
(IT.BESE.ARNESI:+INFO+ 3521141280 IT.BESE.UCW::UCW.BACKEND "Handling request from #(127 0 0 1) for \"/dynamic/ajax?%5Fs=_aooPuhnPkpJvCkhqlmXoPjdZIYyjOpivPMopTnBm&%5Ff=_KYHkKplXpJZIMDHEDuqB&%5Fa=_jIFouuruDe&%5Fi=103476\"")
(IT.BESE.ARNESI:+INFO+ 3521141280 IT.BESE.UCW::UCW.BACKEND "Handled request in 0.110 secs (request came from #(127 0 0 1) for \"/dynamic/ajax?%5Fs=_aooPuhnPkpJvCkhqlmXoPjdZIYyjOpivPMopTnBm&%5Ff=_KYHkKplXpJZIMDHEDuqB&%5Fa=_jIFouuruDe&%5Fi=103476\")")
(IT.BESE.ARNESI:+INFO+ 3521141280 IT.BESE.UCW::UCW.BACKEND "Handling request from #(127 0 0 1) for \"/dynamic/ajax?%5Fs=_aooPuhnPkpJvCkhqlmXoPjdZIYyjOpivPMopTnBm&%5Ff=_zXFwCxfZujKIgsLPJtff&%5Fa=_FuwFgRqPdb&%5Fi=553899\"")
(IT.BESE.ARNESI:+INFO+ 3521141280 IT.BESE.UCW::UCW.BACKEND "Handled request in 0.067 secs (request came from #(127 0 0 1) for \"/dynamic/ajax?%5Fs=_aooPuhnPkpJvCkhqlmXoPjdZIYyjOpivPMopTnBm&%5Ff=_zXFwCxfZujKIgsLPJtff&%5Fa=_FuwFgRqPdb&%5Fi=553899\")")
(IT.BESE.ARNESI:+INFO+ 3521141282 IT.BESE.UCW::UCW.BACKEND "Handling request from #(127 0 0 1) for \"/dynamic/ajax?%5Fs=_aooPuhnPkpJvCkhqlmXoPjdZIYyjOpivPMopTnBm&%5Ff=_lXIDIdkaLRWGlqPnQKRc&%5Fa=_doOyajxcud&%5Fi=562839\"")
(IT.BESE.ARNESI:+INFO+ 3521141284 IT.BESE.UCW::UCW.BACKEND "Handling request from #(127 0 0 1) for \"/dynamic/ajax?%5Fs=_aooPuhnPkpJvCkhqlmXoPjdZIYyjOpivPMopTnBm&%5Ff=_HIksBdLABdZWHozbSbMx&%5Fa=_TUGxOWUjtn&%5Fi=137035\"")
(IT.BESE.ARNESI:+INFO+ 3521141285 IT.BESE.UCW::UCW.BACKEND "Handling request from #(127 0 0 1) for \"/dynamic/ajax?%5Fs=_aooPuhnPkpJvCkhqlmXoPjdZIYyjOpivPMopTnBm&%5Ff=_tYjFrlvxptyHOKjkSfAW&%5Fa=_eynjUOnOSm&%5Fi=541692\"")
(IT.BESE.ARNESI:+INFO+ 3521141285 IT.BESE.UCW::UCW.BACKEND "Handling request from #(127 0 0 1) for \"/static/dojo/src/widget/TabContainer.js\"")
(IT.BESE.ARNESI:+INFO+ 3521141286 IT.BESE.UCW::UCW.BACKEND "Handled request in 0.056 secs (request came from #(127 0 0 1) for \"/static/dojo/src/widget/TabContainer.js\")")
(IT.BESE.ARNESI:+INFO+ 3521141286 IT.BESE.UCW::UCW.BACKEND "Handling request from #(127 0 0 1) for \"/static/dojo/src/widget/PageContainer.js\"")
(IT.BESE.ARNESI:+INFO+ 3521141286 IT.BESE.UCW::UCW.BACKEND "Handling request from #(127 0 0 1) for \"/static/dojo/src/widget/html/layout.js\"")
(IT.BESE.ARNESI:+INFO+ 3521141286 IT.BESE.UCW::UCW.BACKEND "Handling request from #(127 0 0 1) for \"/static/dojo/src/widget/templates/images/tab_left.gif\"")
(IT.BESE.ARNESI:+INFO+ 3521141286 IT.BESE.UCW::UCW.BACKEND "Handling request from #(127 0 0 1) for \"/static/dojo/src/widget/templates/images/tab_top_right.gif\"")
(IT.BESE.ARNESI:+INFO+ 3521141287 IT.BESE.UCW::UCW.BACKEND "Handling request from #(127 0 0 1) for \"/dynamic/ajax?%5Fa=%5FcIAjrrRZWQ&%5Fs=%5FaooPuhnPkpJvCkhqlmXoPjdZIYyjOpivPMopTnBm&%5Ff=%5FtYjFrlvxptyHOKjkSfAW\"")
(IT.BESE.ARNESI:+INFO+ 3521141288 IT.BESE.UCW::UCW.BACKEND "Handled request in 0.181 secs (request came from #(127 0 0 1) for \"/dynamic/ajax?%5Fa=%5FcIAjrrRZWQ&%5Fs=%5FaooPuhnPkpJvCkhqlmXoPjdZIYyjOpivPMopTnBm&%5Ff=%5FtYjFrlvxptyHOKjkSfAW\")")
(IT.BESE.ARNESI:+INFO+ 3521141288 IT.BESE.UCW::UCW.BACKEND "Handling request from #(127 0 0 1) for \"/static/dojo/src/widget/DropdownDatePicker.js\"")
(IT.BESE.ARNESI:+INFO+ 3521141288 IT.BESE.UCW::UCW.BACKEND "Handling request from #(127 0 0 1) for \"/static/dojo/src/widget/DropdownContainer.js\"")
(IT.BESE.ARNESI:+INFO+ 3521141288 IT.BESE.UCW::UCW.BACKEND "Handling request from #(127 0 0 1) for \"/static/dojo/src/widget/PopupContainer.js\"")
(IT.BESE.ARNESI:+INFO+ 3521141288 IT.BESE.UCW::UCW.BACKEND "Handling request from #(127 0 0 1) for \"/static/dojo/src/widget/DatePicker.js\"")
(IT.BESE.ARNESI:+INFO+ 3521141288 IT.BESE.UCW::UCW.BACKEND "Handling request from #(127 0 0 1) for \"/static/dojo/src/date/common.js\"")
(IT.BESE.ARNESI:+INFO+ 3521141288 IT.BESE.UCW::UCW.BACKEND "Handled request in 0.069 secs (request came from #(127 0 0 1) for \"/static/dojo/src/date/common.js\")")
(IT.BESE.ARNESI:+INFO+ 3521141288 IT.BESE.UCW::UCW.BACKEND "Handling request from #(127 0 0 1) for \"/static/dojo/src/date/format.js\"")
(IT.BESE.ARNESI:+INFO+ 3521141288 IT.BESE.UCW::UCW.BACKEND "Handling request from #(127 0 0 1) for \"/static/dojo/src/date/supplemental.js\"")
(IT.BESE.ARNESI:+INFO+ 3521141288 IT.BESE.UCW::UCW.BACKEND "Handling request from #(127 0 0 1) for \"/static/dojo/src/i18n/common.js\"")
(IT.BESE.ARNESI:+INFO+ 3521141288 IT.BESE.UCW::UCW.BACKEND "Handling request from #(127 0 0 1) for \"/static/dojo/src/i18n/loader.js\"")
(IT.BESE.ARNESI:+INFO+ 3521141288 IT.BESE.UCW::UCW.BACKEND "Handling request from #(127 0 0 1) for \"/static/dojo/src/i18n/cldr/nls/en/gregorian.js\"")
(IT.BESE.ARNESI:+INFO+ 3521141288 IT.BESE.UCW::UCW.BACKEND "Handling request from #(127 0 0 1) for \"/static/dojo/src/widget/nls/DropdownDatePicker.js\"")
(IT.BESE.ARNESI:+INFO+ 3521141288 IT.BESE.UCW::UCW.BACKEND "Handling request from #(127 0 0 1) for \"/static/dojo/src/widget/DropdownTimePicker.js\"")
(IT.BESE.ARNESI:+INFO+ 3521141288 IT.BESE.UCW::UCW.BACKEND "Handling request from #(127 0 0 1) for \"/static/dojo/src/widget/templates/images/dateIcon.gif\"")
(IT.BESE.ARNESI:+INFO+ 3521141288 IT.BESE.UCW::UCW.BACKEND "Handling request from #(127 0 0 1) for \"/static/dojo/src/widget/templates/images/incrementMonth.png\"")
(IT.BESE.ARNESI:+INFO+ 3521141288 IT.BESE.UCW::UCW.BACKEND "Handling request from #(127 0 0 1) for \"/static/dojo/src/widget/templates/images/decrementMonth.png\"")
(IT.BESE.ARNESI:+INFO+ 3521141289 IT.BESE.UCW::UCW.BACKEND "Handling request from #(127 0 0 1) for \"/static/dojo/src/widget/TimePicker.js\"")
(IT.BESE.ARNESI:+INFO+ 3521141289 IT.BESE.UCW::UCW.BACKEND "Handling request from #(127 0 0 1) for \"/static/dojo/src/widget/nls/TimePicker.js\"")
(IT.BESE.ARNESI:+INFO+ 3521141289 IT.BESE.UCW::UCW.BACKEND "Handling request from #(127 0 0 1) for \"/static/dojo/src/widget/nls/DropdownTimePicker.js\"")
(IT.BESE.ARNESI:+INFO+ 3521141289 IT.BESE.UCW::UCW.BACKEND "Handling request from #(127 0 0 1) for \"/static/dojo/src/widget/InlineEditBox.js\"")
(IT.BESE.ARNESI:+INFO+ 3521141289 IT.BESE.UCW::UCW.BACKEND "Handling request from #(127 0 0 1) for \"/static/dojo/src/widget/templates/images/timeIcon.gif\"")
(IT.BESE.ARNESI:+INFO+ 3521141292 IT.BESE.UCW::UCW.BACKEND "Handling request from #(127 0 0 1) for \"/dynamic/ajax?%5Fa=%5FXHRFQVnxnZ&%5Fs=%5FaooPuhnPkpJvCkhqlmXoPjdZIYyjOpivPMopTnBm&%5Ff=%5FtYjFrlvxptyHOKjkSfAW\"")
(IT.BESE.ARNESI:+INFO+ 3521141292 IT.BESE.UCW::UCW.BACKEND "Handled request in 0.270 secs (request came from #(127 0 0 1) for \"/dynamic/ajax?%5Fa=%5FXHRFQVnxnZ&%5Fs=%5FaooPuhnPkpJvCkhqlmXoPjdZIYyjOpivPMopTnBm&%5Ff=%5FtYjFrlvxptyHOKjkSfAW\")")
(IT.BESE.ARNESI:+INFO+ 3521141294 IT.BESE.UCW::UCW.BACKEND "Handling request from #(127 0 0 1) for \"/dynamic/callback?%5Fs=_aooPuhnPkpJvCkhqlmXoPjdZIYyjOpivPMopTnBm&%5Ff=_tYjFrlvxptyHOKjkSfAW&%5Fa=_LfQeLMPSzv&%5Fi=726211\"")
(IT.BESE.ARNESI:+INFO+ 3521141294 IT.BESE.UCW::UCW.BACKEND "Handling request from #(127 0 0 1) for \"/dynamic/ajax?%5Fs=_aooPuhnPkpJvCkhqlmXoPjdZIYyjOpivPMopTnBm&%5Ff=_tYjFrlvxptyHOKjkSfAW&%5Fa=_WcNOjnARhm&%5Fi=369846\"")
(IT.BESE.ARNESI:+INFO+ 3521141296 IT.BESE.UCW::UCW.BACKEND "Handling request from #(127 0 0 1) for \"/dynamic/ajax?%5Fs=_aooPuhnPkpJvCkhqlmXoPjdZIYyjOpivPMopTnBm&%5Ff=_tYjFrlvxptyHOKjkSfAW&%5Fa=_gdpzHkikLT&%5Fi=384785\"")
(IT.BESE.ARNESI:+INFO+ 3521141301 IT.BESE.UCW::UCW.BACKEND "Handling request from #(127 0 0 1) for \"/error.ucw?_s=_aooPuhnPkpJvCkhqlmXoPjdZIYyjOpivPMopTnBm\"")
(IT.BESE.ARNESI:+INFO+ 3521141301 IT.BESE.UCW::UCW.BACKEND "Gracefully aborting backend request because: Page was not found.")
(IT.BESE.ARNESI:+INFO+ 3521142256 IT.BESE.UCW::UCW.BACKEND "Handling request from #(127 0 0 1) for \"/dynamic/ajax?%5Fs=_aooPuhnPkpJvCkhqlmXoPjdZIYyjOpivPMopTnBm&%5Ff=_tYjFrlvxptyHOKjkSfAW&%5Fa=_hEQgjHyUqe&%5Fi=479728\"")
(IT.BESE.ARNESI:+INFO+ 3521142256 IT.BESE.UCW::UCW.BACKEND "Handled request in 0.160 secs (request came from #(127 0 0 1) for \"/dynamic/ajax?%5Fs=_aooPuhnPkpJvCkhqlmXoPjdZIYyjOpivPMopTnBm&%5Ff=_tYjFrlvxptyHOKjkSfAW&%5Fa=_hEQgjHyUqe&%5Fi=479728\")")
(IT.BESE.ARNESI:+INFO+ 3521142257 IT.BESE.UCW::UCW.BACKEND "Handling request from #(127 0 0 1) for \"/dynamic/ajax?%5Fs=_aooPuhnPkpJvCkhqlmXoPjdZIYyjOpivPMopTnBm&%5Ff=_tYjFrlvxptyHOKjkSfAW&%5Fa=_FcDmphgdZP&%5Fi=175096\"")
(IT.BESE.ARNESI:+INFO+ 3521142258 IT.BESE.UCW::UCW.BACKEND "Handling request from #(127 0 0 1) for \"/dynamic/callback?%5Fs=_aooPuhnPkpJvCkhqlmXoPjdZIYyjOpivPMopTnBm&%5Ff=_tYjFrlvxptyHOKjkSfAW&%5Fa=_BiUHTlmAyl&%5Fi=502843\"")
(IT.BESE.ARNESI:+INFO+ 3521142258 IT.BESE.UCW::UCW.BACKEND "Handled request in 0.290 secs (request came from #(127 0 0 1) for \"/dynamic/callback?%5Fs=_aooPuhnPkpJvCkhqlmXoPjdZIYyjOpivPMopTnBm&%5Ff=_tYjFrlvxptyHOKjkSfAW&%5Fa=_BiUHTlmAyl&%5Fi=502843\")")
(IT.BESE.ARNESI:+INFO+ 3521142258 IT.BESE.UCW::UCW.BACKEND "Handling request from #(127 0 0 1) for \"/dynamic/callback?%5Fs=_aooPuhnPkpJvCkhqlmXoPjdZIYyjOpivPMopTnBm&%5Ff=_tYjFrlvxptyHOKjkSfAW&%5Fa=_BiUHTlmAyl&%5Fi=497780\"")
(IT.BESE.ARNESI:+INFO+ 3521142258 IT.BESE.UCW::UCW.BACKEND "Handling request from #(127 0 0 1) for \"/?%5Fs=_aooPuhnPkpJvCkhqlmXoPjdZIYyjOpivPMopTnBm&%5Ff=_tYjFrlvxptyHOKjkSfAW&%5Fa=_ccMQmnyTsK&%5Fi=207617\"")
(IT.BESE.ARNESI:+INFO+ 3521142261 IT.BESE.UCW::UCW.BACKEND "Handling request from #(127 0 0 1) for \"/error-render.ucw?_s=_aooPuhnPkpJvCkhqlmXoPjdZIYyjOpivPMopTnBm\"")
(IT.BESE.ARNESI:+INFO+ 3521142261 IT.BESE.UCW::UCW.BACKEND "Gracefully aborting backend request because: Page was not found.")
(IT.BESE.ARNESI:+INFO+ 3521142265 IT.BESE.UCW::UCW.BACKEND "Handling request from #(127 0 0 1) for \"/dynamic/ajax?%5Fs=_aooPuhnPkpJvCkhqlmXoPjdZIYyjOpivPMopTnBm&%5Ff=_eXBGcOCEdjYdQSCbuQQC&%5Fa=_irHufMlzsC&%5Fi=283898\"")
(IT.BESE.ARNESI:+INFO+ 3521142268 IT.BESE.UCW::UCW.BACKEND "Handling request from #(127 0 0 1) for \"/dynamic/ajax?%5Fs=_aooPuhnPkpJvCkhqlmXoPjdZIYyjOpivPMopTnBm&%5Ff=_eXBGcOCEdjYdQSCbuQQC&%5Fa=_KseKVjRcmN&%5Fi=463213\"")
(IT.BESE.ARNESI:+INFO+ 3521142269 IT.BESE.UCW::UCW.BACKEND "Handled request in 1.109 secs (request came from #(127 0 0 1) for \"/dynamic/ajax?%5Fs=_aooPuhnPkpJvCkhqlmXoPjdZIYyjOpivPMopTnBm&%5Ff=_eXBGcOCEdjYdQSCbuQQC&%5Fa=_KseKVjRcmN&%5Fi=463213\")")
(IT.BESE.ARNESI:+INFO+ 3521142269 IT.BESE.UCW::UCW.BACKEND "Handling request from #(127 0 0 1) for \"/dynamic/ajax?%5Fa=%5FDlwCDWcgcb&%5Fs=%5FaooPuhnPkpJvCkhqlmXoPjdZIYyjOpivPMopTnBm&%5Ff=%5FeXBGcOCEdjYdQSCbuQQC\"")
(IT.BESE.ARNESI:+INFO+ 3521142271 IT.BESE.UCW::UCW.BACKEND "Handling request from #(127 0 0 1) for \"/dynamic/ajax?%5Fs=_aooPuhnPkpJvCkhqlmXoPjdZIYyjOpivPMopTnBm&%5Ff=_eXBGcOCEdjYdQSCbuQQC&%5Fa=_czhalcJpys&%5Fi=124761\"")
(IT.BESE.ARNESI:+INFO+ 3521142272 IT.BESE.UCW::UCW.BACKEND "Handling request from #(127 0 0 1) for \"/dynamic/ajax?%5Fa=%5FrUPIbpqoZz&%5Fs=%5FaooPuhnPkpJvCkhqlmXoPjdZIYyjOpivPMopTnBm&%5Ff=%5FeXBGcOCEdjYdQSCbuQQC\"")
(IT.BESE.ARNESI:+INFO+ 3521142276 IT.BESE.UCW::UCW.BACKEND "Handling request from #(127 0 0 1) for \"/dynamic/ajax?%5Fs=_aooPuhnPkpJvCkhqlmXoPjdZIYyjOpivPMopTnBm&%5Ff=_eXBGcOCEdjYdQSCbuQQC&%5Fa=_qvGeKMUZsK&%5Fi=46744\"")
(IT.BESE.ARNESI:+INFO+ 3521142276 IT.BESE.UCW::UCW.BACKEND "Handled request in 0.072 secs (request came from #(127 0 0 1) for \"/dynamic/ajax?%5Fs=_aooPuhnPkpJvCkhqlmXoPjdZIYyjOpivPMopTnBm&%5Ff=_eXBGcOCEdjYdQSCbuQQC&%5Fa=_qvGeKMUZsK&%5Fi=46744\")")
(IT.BESE.ARNESI:+INFO+ 3521142276 IT.BESE.UCW::UCW.BACKEND "Handling request from #(127 0 0 1) for \"/dynamic/ajax?%5Fa=%5FDisDUxDmMP&%5Fs=%5FaooPuhnPkpJvCkhqlmXoPjdZIYyjOpivPMopTnBm&%5Ff=%5FeXBGcOCEdjYdQSCbuQQC\"")
(IT.BESE.ARNESI:+INFO+ 3521142277 IT.BESE.UCW::UCW.BACKEND "Handling request from #(127 0 0 1) for \"/dynamic/ajax?%5Fa=%5FYAHDIKrXLV&%5Fs=%5FaooPuhnPkpJvCkhqlmXoPjdZIYyjOpivPMopTnBm&%5Ff=%5FeXBGcOCEdjYdQSCbuQQC\"")
(IT.BESE.ARNESI:+INFO+ 3521142278 IT.BESE.UCW::UCW.BACKEND "Handling request from #(127 0 0 1) for \"/dynamic/ajax?%5Fa=%5FVetppvQByM&%5Fs=%5FaooPuhnPkpJvCkhqlmXoPjdZIYyjOpivPMopTnBm&%5Ff=%5FeXBGcOCEdjYdQSCbuQQC\"")
(IT.BESE.ARNESI:+INFO+ 3521142283 IT.BESE.UCW::UCW.BACKEND "Handling request from #(127 0 0 1) for \"/dynamic/ajax?%5Fa=%5FphtVGitKXH&%5Fs=%5FaooPuhnPkpJvCkhqlmXoPjdZIYyjOpivPMopTnBm&%5Ff=%5FeXBGcOCEdjYdQSCbuQQC\"")
(IT.BESE.ARNESI:+INFO+ 3521142285 IT.BESE.UCW::UCW.BACKEND "Handling request from #(127 0 0 1) for \"/static/dojo/src/widget/templates/images/tab_close_h.gif\"")
(IT.BESE.ARNESI:+INFO+ 3521142288 IT.BESE.UCW::UCW.BACKEND "Handling request from #(127 0 0 1) for \"/dynamic/callback?%5Fs=_aooPuhnPkpJvCkhqlmXoPjdZIYyjOpivPMopTnBm&%5Ff=_eXBGcOCEdjYdQSCbuQQC&%5Fa=_SmpQLgIGMy&%5Fi=856223\"")
(IT.BESE.ARNESI:+INFO+ 3521142288 IT.BESE.UCW::UCW.BACKEND "Handling request from #(127 0 0 1) for \"/dynamic/ajax?%5Fa=%5FAtsuEZPSKE&%5Fs=%5FaooPuhnPkpJvCkhqlmXoPjdZIYyjOpivPMopTnBm&%5Ff=%5FeXBGcOCEdjYdQSCbuQQC\"")
(IT.BESE.ARNESI:+INFO+ 3521142292 IT.BESE.UCW::UCW.BACKEND "Handling request from #(127 0 0 1) for \"/dynamic/ajax?%5Fa=%5FyRCDSgQYXs&%5Fs=%5FaooPuhnPkpJvCkhqlmXoPjdZIYyjOpivPMopTnBm&%5Ff=%5FeXBGcOCEdjYdQSCbuQQC\"")
(IT.BESE.ARNESI:+INFO+ 3521142293 IT.BESE.UCW::UCW.BACKEND "Handling request from #(127 0 0 1) for \"/dynamic/callback?%5Fs=_aooPuhnPkpJvCkhqlmXoPjdZIYyjOpivPMopTnBm&%5Ff=_eXBGcOCEdjYdQSCbuQQC&%5Fa=_SmpQLgIGMy&%5Fi=351363\"")
(IT.BESE.ARNESI:+INFO+ 3521142293 IT.BESE.UCW::UCW.BACKEND "Handling request from #(127 0 0 1) for \"/dynamic/callback?%5Fs=_aooPuhnPkpJvCkhqlmXoPjdZIYyjOpivPMopTnBm&%5Ff=_eXBGcOCEdjYdQSCbuQQC&%5Fa=_pqFHCCdaei&%5Fi=262619\"")
(IT.BESE.ARNESI:+INFO+ 3521142293 IT.BESE.UCW::UCW.BACKEND "Handling request from #(127 0 0 1) for \"/dynamic/ajax?%5Fa=%5FPdgTjlTuxy&%5Fs=%5FaooPuhnPkpJvCkhqlmXoPjdZIYyjOpivPMopTnBm&%5Ff=%5FeXBGcOCEdjYdQSCbuQQC\"")
(IT.BESE.ARNESI:+INFO+ 3521142295 IT.BESE.UCW::UCW.BACKEND "Handling request from #(127 0 0 1) for \"/dynamic/callback?%5Fs=_aooPuhnPkpJvCkhqlmXoPjdZIYyjOpivPMopTnBm&%5Ff=_eXBGcOCEdjYdQSCbuQQC&%5Fa=_pqFHCCdaei&%5Fi=29608\"")
(IT.BESE.ARNESI:+INFO+ 3521142295 IT.BESE.UCW::UCW.BACKEND "Handling request from #(127 0 0 1) for \"/dynamic/ajax?%5Fa=%5FKjWcSPcwmi&%5Fs=%5FaooPuhnPkpJvCkhqlmXoPjdZIYyjOpivPMopTnBm&%5Ff=%5FeXBGcOCEdjYdQSCbuQQC\"")
(IT.BESE.ARNESI:+INFO+ 3521142298 IT.BESE.UCW::UCW.BACKEND "Handling request from #(127 0 0 1) for \"/dynamic/callback?%5Fs=_aooPuhnPkpJvCkhqlmXoPjdZIYyjOpivPMopTnBm&%5Ff=_eXBGcOCEdjYdQSCbuQQC&%5Fa=_pqFHCCdaei&%5Fi=928960\"")
(IT.BESE.ARNESI:+INFO+ 3521142298 IT.BESE.UCW::UCW.BACKEND "Handling request from #(127 0 0 1) for \"/dynamic/ajax?%5Fa=%5FGYetoYVxKS&%5Fs=%5FaooPuhnPkpJvCkhqlmXoPjdZIYyjOpivPMopTnBm&%5Ff=%5FeXBGcOCEdjYdQSCbuQQC\"")
(IT.BESE.ARNESI:+INFO+ 3521142302 IT.BESE.UCW::UCW.BACKEND "Handling request from #(127 0 0 1) for \"/dynamic/ajax?%5Fa=%5FpYbFfYoqgm&%5Fs=%5FaooPuhnPkpJvCkhqlmXoPjdZIYyjOpivPMopTnBm&%5Ff=%5FeXBGcOCEdjYdQSCbuQQC\"")
(IT.BESE.ARNESI:+INFO+ 3521142303 IT.BESE.UCW::UCW.BACKEND "Handling request from #(127 0 0 1) for \"/dynamic/ajax?%5Fa=%5FwgPyvKLgOZ&%5Fs=%5FaooPuhnPkpJvCkhqlmXoPjdZIYyjOpivPMopTnBm&%5Ff=%5FeXBGcOCEdjYdQSCbuQQC\"")
(IT.BESE.ARNESI:+INFO+ 3521142303 IT.BESE.UCW::UCW.BACKEND "Handled request in 0.072 secs (request came from #(127 0 0 1) for \"/dynamic/ajax?%5Fa=%5FwgPyvKLgOZ&%5Fs=%5FaooPuhnPkpJvCkhqlmXoPjdZIYyjOpivPMopTnBm&%5Ff=%5FeXBGcOCEdjYdQSCbuQQC\")")
(IT.BESE.ARNESI:+INFO+ 3521142308 IT.BESE.UCW::UCW.BACKEND "Handling request from #(127 0 0 1) for \"/dynamic/callback?%5Fs=_aooPuhnPkpJvCkhqlmXoPjdZIYyjOpivPMopTnBm&%5Ff=_eXBGcOCEdjYdQSCbuQQC&%5Fa=_OzpGCQXwqo&%5Fi=850366\"")
(IT.BESE.ARNESI:+INFO+ 3521142308 IT.BESE.UCW::UCW.BACKEND "Handling request from #(127 0 0 1) for \"/dynamic/ajax?%5Fs=_aooPuhnPkpJvCkhqlmXoPjdZIYyjOpivPMopTnBm&%5Ff=_eXBGcOCEdjYdQSCbuQQC&%5Fa=_KseKVjRcmN&%5Fi=800552\"")
(IT.BESE.ARNESI:+INFO+ 3521142308 IT.BESE.UCW::UCW.BACKEND "Handling request from #(127 0 0 1) for \"/dynamic/ajax?%5Fa=%5FENPbFMctVw&%5Fs=%5FaooPuhnPkpJvCkhqlmXoPjdZIYyjOpivPMopTnBm&%5Ff=%5FeXBGcOCEdjYdQSCbuQQC\"")
(IT.BESE.ARNESI:+INFO+ 3521142311 IT.BESE.UCW::UCW.BACKEND "Handling request from #(127 0 0 1) for \"/dynamic/ajax?%5Fa=%5FQjaIhSRtem&%5Fs=%5FaooPuhnPkpJvCkhqlmXoPjdZIYyjOpivPMopTnBm&%5Ff=%5FeXBGcOCEdjYdQSCbuQQC\"")
(IT.BESE.ARNESI:+INFO+ 3521142311 IT.BESE.UCW::UCW.BACKEND "Handled request in 0.076 secs (request came from #(127 0 0 1) for \"/dynamic/ajax?%5Fa=%5FQjaIhSRtem&%5Fs=%5FaooPuhnPkpJvCkhqlmXoPjdZIYyjOpivPMopTnBm&%5Ff=%5FeXBGcOCEdjYdQSCbuQQC\")")
(IT.BESE.ARNESI:+INFO+ 3521142311 IT.BESE.UCW::UCW.BACKEND "Handling request from #(127 0 0 1) for \"/dynamic/ajax?%5Fa=%5FjgHYveusKu&%5Fs=%5FaooPuhnPkpJvCkhqlmXoPjdZIYyjOpivPMopTnBm&%5Ff=%5FeXBGcOCEdjYdQSCbuQQC\"")
(IT.BESE.ARNESI:+INFO+ 3521142313 IT.BESE.UCW::UCW.BACKEND "Handling request from #(127 0 0 1) for \"/dynamic/callback?%5Fs=_aooPuhnPkpJvCkhqlmXoPjdZIYyjOpivPMopTnBm&%5Ff=_eXBGcOCEdjYdQSCbuQQC&%5Fa=_OzpGCQXwqo&%5Fi=574410\"")
(IT.BESE.ARNESI:+INFO+ 3521142313 IT.BESE.UCW::UCW.BACKEND "Handling request from #(127 0 0 1) for \"/dynamic/callback?%5Fs=_aooPuhnPkpJvCkhqlmXoPjdZIYyjOpivPMopTnBm&%5Ff=_eXBGcOCEdjYdQSCbuQQC&%5Fa=_KRlvROjMML&%5Fi=770137\"")
(IT.BESE.ARNESI:+INFO+ 3521142313 IT.BESE.UCW::UCW.BACKEND "Handling request from #(127 0 0 1) for \"/dynamic/ajax?%5Fa=%5FLsoorbFjdv&%5Fs=%5FaooPuhnPkpJvCkhqlmXoPjdZIYyjOpivPMopTnBm&%5Ff=%5FeXBGcOCEdjYdQSCbuQQC\"")
(IT.BESE.ARNESI:+INFO+ 3521142318 IT.BESE.UCW::UCW.BACKEND "Handling request from #(127 0 0 1) for \"/dynamic/callback?%5Fs=_aooPuhnPkpJvCkhqlmXoPjdZIYyjOpivPMopTnBm&%5Ff=_eXBGcOCEdjYdQSCbuQQC&%5Fa=_OzpGCQXwqo&%5Fi=654134\"")
(IT.BESE.ARNESI:+INFO+ 3521142318 IT.BESE.UCW::UCW.BACKEND "Handling request from #(127 0 0 1) for \"/dynamic/ajax?%5Fs=_aooPuhnPkpJvCkhqlmXoPjdZIYyjOpivPMopTnBm&%5Ff=_eXBGcOCEdjYdQSCbuQQC&%5Fa=_AjXdbaVsPM&%5Fi=992958\"")
(IT.BESE.ARNESI:+INFO+ 3521142320 IT.BESE.UCW::UCW.BACKEND "Handling request from #(127 0 0 1) for \"/dynamic/ajax?%5Fs=_aooPuhnPkpJvCkhqlmXoPjdZIYyjOpivPMopTnBm&%5Ff=_eXBGcOCEdjYdQSCbuQQC&%5Fa=_GiYUdNKUHz&%5Fi=819990\"")
(IT.BESE.ARNESI:+INFO+ 3521142324 IT.BESE.UCW::UCW.BACKEND "Handling request from #(127 0 0 1) for \"/?%5Fs=_aooPuhnPkpJvCkhqlmXoPjdZIYyjOpivPMopTnBm&%5Ff=_tYjFrlvxptyHOKjkSfAW&%5Fa=_xIZxrSldle&%5Fi=919814\"")
(IT.BESE.ARNESI:+INFO+ 3521142324 IT.BESE.UCW::UCW.BACKEND "Handled request in 0.109 secs (request came from #(127 0 0 1) for \"/?%5Fs=_aooPuhnPkpJvCkhqlmXoPjdZIYyjOpivPMopTnBm&%5Ff=_tYjFrlvxptyHOKjkSfAW&%5Fa=_xIZxrSldle&%5Fi=919814\")")
(IT.BESE.ARNESI:+INFO+ 3521142325 IT.BESE.UCW::UCW.BACKEND "Handling request from #(127 0 0 1) for \"/\"")
(IT.BESE.ARNESI:+INFO+ 3521142325 IT.BESE.UCW::UCW.BACKEND "Handling request from #(127 0 0 1) for \"/?%5Fa=%5FMTHBgsSIVY&%5Fs=%5FaooPuhnPkpJvCkhqlmXoPjdZIYyjOpivPMopTnBm&%5Ff=%5FuREOyIUlWmPuApoXIhnn&%5Fi=56935\"")
(IT.BESE.ARNESI:+INFO+ 3521142332 IT.BESE.UCW::UCW.BACKEND "Gracefully aborting backend request because: The value NIL is not of type REAL..")
(IT.BESE.ARNESI:+INFO+ 3521142336 IT.BESE.UCW::UCW.BACKEND "Handling request from #(127 0 0 1) for \"/dynamic/callback?%5Fs=_aooPuhnPkpJvCkhqlmXoPjdZIYyjOpivPMopTnBm&%5Ff=_uREOyIUlWmPuApoXIhnn&%5Fa=_NMtTPiaMtY&%5Fi=944137\"")
(IT.BESE.ARNESI:+INFO+ 3521142897 IT.BESE.UCW::UCW.BACKEND "Handling request from #(127 0 0 1) for \"/?%5Fs=%5FukcZq&%5Ff=%5FvqzD&%5Fa=%5FyoH\"")
(IT.BESE.ARNESI:+INFO+ 3521142897 IT.BESE.UCW::UCW.BACKEND "Handled request in 0.714 secs (request came from #(127 0 0 1) for \"/?%5Fs=%5FukcZq&%5Ff=%5FvqzD&%5Fa=%5FyoH\")")
(IT.BESE.ARNESI:+INFO+ 3521142901 IT.BESE.UCW::UCW.BACKEND "Handling request from #(127 0 0 1) for \"/dynamic/ajax?%5Fs=_FIaVjvdyuZpVkEwmldlKKpuLgeDXYjGjHGECaGoP&%5Ff=_MbCHOgyWXefSmIeMQLuq&%5Fa=_QQPfFdbAMP&%5Fi=873297\"")
(IT.BESE.ARNESI:+INFO+ 3521142903 IT.BESE.UCW::UCW.BACKEND "Handling request from #(127 0 0 1) for \"/dynamic/ajax?%5Fs=_FIaVjvdyuZpVkEwmldlKKpuLgeDXYjGjHGECaGoP&%5Ff=_MbCHOgyWXefSmIeMQLuq&%5Fa=_cvkEhYMuAk&%5Fi=547422\"")
(IT.BESE.ARNESI:+INFO+ 3521142903 IT.BESE.UCW::UCW.BACKEND "Handled request in 0.066 secs (request came from #(127 0 0 1) for \"/dynamic/ajax?%5Fs=_FIaVjvdyuZpVkEwmldlKKpuLgeDXYjGjHGECaGoP&%5Ff=_MbCHOgyWXefSmIeMQLuq&%5Fa=_cvkEhYMuAk&%5Fi=547422\")")
(IT.BESE.ARNESI:+INFO+ 3521142904 IT.BESE.UCW::UCW.BACKEND "Handling request from #(127 0 0 1) for \"/dynamic/ajax?%5Fs=_FIaVjvdyuZpVkEwmldlKKpuLgeDXYjGjHGECaGoP&%5Ff=_MbCHOgyWXefSmIeMQLuq&%5Fa=_tpPixZEJlo&%5Fi=391911\"")
(IT.BESE.ARNESI:+INFO+ 3521142905 IT.BESE.UCW::UCW.BACKEND "Handling request from #(127 0 0 1) for \"/dynamic/ajax?%5Fs=_FIaVjvdyuZpVkEwmldlKKpuLgeDXYjGjHGECaGoP&%5Ff=_MbCHOgyWXefSmIeMQLuq&%5Fa=_ERJSvtGoBt&%5Fi=211496\"")
(IT.BESE.ARNESI:+INFO+ 3521142906 IT.BESE.UCW::UCW.BACKEND "Handling request from #(127 0 0 1) for \"/dynamic/ajax?%5Fs=_FIaVjvdyuZpVkEwmldlKKpuLgeDXYjGjHGECaGoP&%5Ff=_MbCHOgyWXefSmIeMQLuq&%5Fa=_BYrxQxywZs&%5Fi=135279\"")
(IT.BESE.ARNESI:+INFO+ 3521142917 IT.BESE.UCW::UCW.BACKEND "Handling request from #(127 0 0 1) for \"/?%5Fs=%5FukcZq&%5Ff=%5FvqzD&%5Fa=%5FVhI\"")
(IT.BESE.ARNESI:+INFO+ 3521142922 IT.BESE.UCW::UCW.BACKEND "Handling request from #(127 0 0 1) for \"/dynamic/ajax?%5Fs=_yXGSInuorIkOIBosDNjfvDlSEBQiWoYZLUSwwNTd&%5Ff=_FniigDRZDtXukDiaiXgF&%5Fa=_nMSQZOGEFZ&%5Fi=83451\"")
(IT.BESE.ARNESI:+INFO+ 3521142925 IT.BESE.UCW::UCW.BACKEND "Handling request from #(127 0 0 1) for \"/dynamic/ajax?%5Fs=_yXGSInuorIkOIBosDNjfvDlSEBQiWoYZLUSwwNTd&%5Ff=_FniigDRZDtXukDiaiXgF&%5Fa=_FGPnKugPCR&%5Fi=172172\"")
(IT.BESE.ARNESI:+INFO+ 3521142927 IT.BESE.UCW::UCW.BACKEND "Handling request from #(127 0 0 1) for \"/dynamic/ajax?%5Fs=_yXGSInuorIkOIBosDNjfvDlSEBQiWoYZLUSwwNTd&%5Ff=_FniigDRZDtXukDiaiXgF&%5Fa=_oNcIVxCYgA&%5Fi=244044\"")
(IT.BESE.ARNESI:+INFO+ 3521142928 IT.BESE.UCW::UCW.BACKEND "Handling request from #(127 0 0 1) for \"/dynamic/ajax?%5Fs=_yXGSInuorIkOIBosDNjfvDlSEBQiWoYZLUSwwNTd&%5Ff=_FniigDRZDtXukDiaiXgF&%5Fa=_isjZoCTIyQ&%5Fi=390456\"")
(IT.BESE.ARNESI:+INFO+ 3521142928 IT.BESE.UCW::UCW.BACKEND "Handling request from #(127 0 0 1) for \"/dynamic/ajax?%5Fs=_yXGSInuorIkOIBosDNjfvDlSEBQiWoYZLUSwwNTd&%5Ff=_FniigDRZDtXukDiaiXgF&%5Fa=_cXNXhiXsYZ&%5Fi=959969\"")
(IT.BESE.ARNESI:+INFO+ 3521142929 IT.BESE.UCW::UCW.BACKEND "Handling request from #(127 0 0 1) for \"/dynamic/ajax?%5Fs=_yXGSInuorIkOIBosDNjfvDlSEBQiWoYZLUSwwNTd&%5Ff=_FniigDRZDtXukDiaiXgF&%5Fa=_aKJKSuPxTH&%5Fi=870609\"")
(IT.BESE.ARNESI:+INFO+ 3521142931 IT.BESE.UCW::UCW.BACKEND "Handling request from #(127 0 0 1) for \"/dynamic/ajax?%5Fs=_yXGSInuorIkOIBosDNjfvDlSEBQiWoYZLUSwwNTd&%5Ff=_FniigDRZDtXukDiaiXgF&%5Fa=_mkedOPLouq&%5Fi=434568\"")
(IT.BESE.ARNESI:+INFO+ 3521142932 IT.BESE.UCW::UCW.BACKEND "Handling request from #(127 0 0 1) for \"/dynamic/ajax?%5Fs=_yXGSInuorIkOIBosDNjfvDlSEBQiWoYZLUSwwNTd&%5Ff=_FniigDRZDtXukDiaiXgF&%5Fa=_orHGQuCYVn&%5Fi=281226\"")
(IT.BESE.ARNESI:+INFO+ 3521142933 IT.BESE.UCW::UCW.BACKEND "Handling request from #(127 0 0 1) for \"/dynamic/ajax?%5Fs=_yXGSInuorIkOIBosDNjfvDlSEBQiWoYZLUSwwNTd&%5Ff=_FniigDRZDtXukDiaiXgF&%5Fa=_nRLemavVhU&%5Fi=978875\"")
(IT.BESE.ARNESI:+INFO+ 3521142933 IT.BESE.UCW::UCW.BACKEND "Handling request from #(127 0 0 1) for \"/dynamic/ajax?%5Fs=_yXGSInuorIkOIBosDNjfvDlSEBQiWoYZLUSwwNTd&%5Ff=_FniigDRZDtXukDiaiXgF&%5Fa=_yPPdAksFrI&%5Fi=400604\"")
(IT.BESE.ARNESI:+INFO+ 3521142934 IT.BESE.UCW::UCW.BACKEND "Handling request from #(127 0 0 1) for \"/dynamic/ajax?%5Fs=_yXGSInuorIkOIBosDNjfvDlSEBQiWoYZLUSwwNTd&%5Ff=_FniigDRZDtXukDiaiXgF&%5Fa=_oMTkGvoymt&%5Fi=526732\"")
(IT.BESE.ARNESI:+INFO+ 3521142938 IT.BESE.UCW::UCW.BACKEND "Handling request from #(127 0 0 1) for \"/dynamic/ajax?%5Fs=_yXGSInuorIkOIBosDNjfvDlSEBQiWoYZLUSwwNTd&%5Ff=_FniigDRZDtXukDiaiXgF&%5Fa=_MLgmjybAIN&%5Fi=867489\"")
(IT.BESE.ARNESI:+INFO+ 3521142939 IT.BESE.UCW::UCW.BACKEND "Handling request from #(127 0 0 1) for \"/dynamic/ajax?%5Fs=_yXGSInuorIkOIBosDNjfvDlSEBQiWoYZLUSwwNTd&%5Ff=_FniigDRZDtXukDiaiXgF&%5Fa=_nMSQZOGEFZ&%5Fi=71519\"")
(IT.BESE.ARNESI:+INFO+ 3521142953 IT.BESE.UCW::UCW.BACKEND "Handled request in 14.374 secs (request came from #(127 0 0 1) for \"/dynamic/ajax?%5Fs=_yXGSInuorIkOIBosDNjfvDlSEBQiWoYZLUSwwNTd&%5Ff=_FniigDRZDtXukDiaiXgF&%5Fa=_nMSQZOGEFZ&%5Fi=71519\")")
(IT.BESE.ARNESI:+INFO+ 3521143090 IT.BESE.UCW::UCW.BACKEND "Handling request from #(127 0 0 1) for \"/?%5Fs=_yXGSInuorIkOIBosDNjfvDlSEBQiWoYZLUSwwNTd&%5Ff=_FniigDRZDtXukDiaiXgF&%5Fa=_oiaTathqie&%5Fi=856093\"")
(IT.BESE.ARNESI:+INFO+ 3521143092 IT.BESE.UCW::UCW.BACKEND "Handling request from #(127 0 0 1) for \"/?%5Fs=_yXGSInuorIkOIBosDNjfvDlSEBQiWoYZLUSwwNTd&%5Ff=_wDELydFlFKmosZEmhPEj&%5Fa=_bNzpvJTZqH&%5Fi=833895\"")
(IT.BESE.ARNESI:+INFO+ 3521143094 IT.BESE.UCW::UCW.BACKEND "Handling request from #(127 0 0 1) for \"/dynamic/ajax?%5Fs=_yXGSInuorIkOIBosDNjfvDlSEBQiWoYZLUSwwNTd&%5Ff=_ycTyQNKDByLRxLcYOAMP&%5Fa=_kVhMJnpOKB&%5Fi=717798\"")
(IT.BESE.ARNESI:+INFO+ 3521143094 IT.BESE.UCW::UCW.BACKEND "Handling request from #(127 0 0 1) for \"/dynamic/ajax?%5Fs=_yXGSInuorIkOIBosDNjfvDlSEBQiWoYZLUSwwNTd&%5Ff=_VFZKzvIdDAEhnCMgOqFU&%5Fa=_RnUFRycHoQ&%5Fi=144812\"")
(IT.BESE.ARNESI:+INFO+ 3521143095 IT.BESE.UCW::UCW.BACKEND "Handling request from #(127 0 0 1) for \"/dynamic/ajax?%5Fs=_yXGSInuorIkOIBosDNjfvDlSEBQiWoYZLUSwwNTd&%5Ff=_YpkwDDdEFYKDuAKxrARO&%5Fa=_RYzTfnmVMT&%5Fi=671895\"")
(IT.BESE.ARNESI:+INFO+ 3521143096 IT.BESE.UCW::UCW.BACKEND "Handling request from #(127 0 0 1) for \"/dynamic/ajax?%5Fs=_yXGSInuorIkOIBosDNjfvDlSEBQiWoYZLUSwwNTd&%5Ff=_RhELqYmaKYnfoqoGTvCP&%5Fa=_NROJEaelXO&%5Fi=201954\"")
(IT.BESE.ARNESI:+INFO+ 3521143097 IT.BESE.UCW::UCW.BACKEND "Handling request from #(127 0 0 1) for \"/?%5Fs=_yXGSInuorIkOIBosDNjfvDlSEBQiWoYZLUSwwNTd&%5Ff=_bNvJddoMLRZTQwLfiJaQ&%5Fa=_yaIHqMDUlz&%5Fi=365572\"")
(IT.BESE.ARNESI:+INFO+ 3521143099 IT.BESE.UCW::UCW.BACKEND "Handling request from #(127 0 0 1) for \"/dynamic/ajax?%5Fs=_yXGSInuorIkOIBosDNjfvDlSEBQiWoYZLUSwwNTd&%5Ff=_IMAZRIDVCupaBABAccxQ&%5Fa=_dAyXhCeDaI&%5Fi=215873\"")
(IT.BESE.ARNESI:+INFO+ 3521143102 IT.BESE.UCW::UCW.BACKEND "Handling request from #(127 0 0 1) for \"/?%5Fs=_yXGSInuorIkOIBosDNjfvDlSEBQiWoYZLUSwwNTd&%5Ff=_PphmNTxLYbUOAnoawCle&%5Fa=_oZJsOlRICX&%5Fi=102064\"")
(IT.BESE.ARNESI:+INFO+ 3521143104 IT.BESE.UCW::UCW.BACKEND "Handling request from #(127 0 0 1) for \"/dynamic/ajax?%5Fs=_yXGSInuorIkOIBosDNjfvDlSEBQiWoYZLUSwwNTd&%5Ff=_neDjGYhPDfbugzXOPDey&%5Fa=_qlWvyOdgUm&%5Fi=837661\"")
(IT.BESE.ARNESI:+INFO+ 3521143104 IT.BESE.UCW::UCW.BACKEND "Handling request from #(127 0 0 1) for \"/dynamic/ajax?%5Fs=_yXGSInuorIkOIBosDNjfvDlSEBQiWoYZLUSwwNTd&%5Ff=_rSYLdindoLACjEfPpWzp&%5Fa=_xXzhMqEkAi&%5Fi=918505\"")
(IT.BESE.ARNESI:+INFO+ 3521143107 IT.BESE.UCW::UCW.BACKEND "Handling request from #(127 0 0 1) for \"/dynamic/ajax?%5Fs=_yXGSInuorIkOIBosDNjfvDlSEBQiWoYZLUSwwNTd&%5Ff=_IKDFOFUrSfTMEThZOolE&%5Fa=_QNHVRBlBPU&%5Fi=844061\"")
(IT.BESE.ARNESI:+INFO+ 3521143108 IT.BESE.UCW::UCW.BACKEND "Handling request from #(127 0 0 1) for \"/dynamic/ajax?%5Fs=_yXGSInuorIkOIBosDNjfvDlSEBQiWoYZLUSwwNTd&%5Ff=_JjwLRHBFaCAdoMQsJewq&%5Fa=_lxAkJspTQw&%5Fi=103333\"")
(IT.BESE.ARNESI:+INFO+ 3521156881 IT.BESE.UCW::UCW.BACKEND "Handling request from #(127 0 0 1) for \"/?%5Fs=_yXGSInuorIkOIBosDNjfvDlSEBQiWoYZLUSwwNTd&%5Ff=_neDjGYhPDfbugzXOPDey&%5Fa=_IUNlRIqNtk&%5Fi=684946\"")
(IT.BESE.ARNESI:+INFO+ 3521156882 IT.BESE.UCW::UCW.BACKEND "Handled request in 0.131 secs (request came from #(127 0 0 1) for \"/?%5Fs=_yXGSInuorIkOIBosDNjfvDlSEBQiWoYZLUSwwNTd&%5Ff=_neDjGYhPDfbugzXOPDey&%5Fa=_IUNlRIqNtk&%5Fi=684946\")")
(IT.BESE.ARNESI:+INFO+ 3521156882 IT.BESE.UCW::UCW.BACKEND "Handling request from #(127 0 0 1) for \"/dynamic/js/functional.js\"")
(IT.BESE.ARNESI:+INFO+ 3521156882 IT.BESE.UCW::UCW.BACKEND "Handling request from #(127 0 0 1) for \"/dynamic/js/per-application.js\"")
(IT.BESE.ARNESI:+INFO+ 3521156882 IT.BESE.UCW::UCW.BACKEND "Handling request from #(127 0 0 1) for \"/dynamic/js/per-locale.js\"")
(IT.BESE.ARNESI:+INFO+ 3521156887 IT.BESE.UCW::UCW.BACKEND "Handling request from #(127 0 0 1) for \"/shared-counter/\"")
(IT.BESE.ARNESI:+INFO+ 3521156887 IT.BESE.UCW::UCW.BACKEND "Handled request in 0.163 secs (request came from #(127 0 0 1) for \"/shared-counter/\")")
(IT.BESE.ARNESI:+INFO+ 3521156887 IT.BESE.UCW::UCW.BACKEND "Handling request from #(127 0 0 1) for \"/shared-counter/static/ucw/ucw.css\"")
(IT.BESE.ARNESI:+INFO+ 3521156888 IT.BESE.UCW::UCW.BACKEND "Handling request from #(127 0 0 1) for \"/shared-counter/static/dojo/dojo.js\"")
(IT.BESE.ARNESI:+INFO+ 3521156888 IT.BESE.UCW::UCW.BACKEND "Handling request from #(127 0 0 1) for \"/shared-counter/dynamic/js/functional.js\"")
(IT.BESE.ARNESI:+INFO+ 3521156888 IT.BESE.UCW::UCW.BACKEND "Handling request from #(127 0 0 1) for \"/shared-counter/dynamic/js/per-application.js\"")
(IT.BESE.ARNESI:+INFO+ 3521156888 IT.BESE.UCW::UCW.BACKEND "Handling request from #(127 0 0 1) for \"/shared-counter/static/dojo/src/debug.js\"")
(IT.BESE.ARNESI:+INFO+ 3521156888 IT.BESE.UCW::UCW.BACKEND "Handled request in 0.137 secs (request came from #(127 0 0 1) for \"/shared-counter/dynamic/js/per-application.js\")")
(IT.BESE.ARNESI:+INFO+ 3521156888 IT.BESE.UCW::UCW.BACKEND "Handling request from #(127 0 0 1) for \"/shared-counter/static/dojo/src/browser_debug.js\"")
(IT.BESE.ARNESI:+INFO+ 3521156888 IT.BESE.UCW::UCW.BACKEND "Handling request from #(127 0 0 1) for \"/shared-counter/dynamic/js/per-locale.js\"")
(IT.BESE.ARNESI:+INFO+ 3521156888 IT.BESE.UCW::UCW.BACKEND "Handling request from #(127 0 0 1) for \"/shared-counter/static/dojo/src/debug/console.js\"")
(IT.BESE.ARNESI:+INFO+ 3521156888 IT.BESE.UCW::UCW.BACKEND "Handling request from #(127 0 0 1) for \"/shared-counter/static/dojo/src/lang/__package__.js\"")
(IT.BESE.ARNESI:+INFO+ 3521156888 IT.BESE.UCW::UCW.BACKEND "Handling request from #(127 0 0 1) for \"/shared-counter/static/dojo/src/lang/assert.js\"")
(IT.BESE.ARNESI:+INFO+ 3521156888 IT.BESE.UCW::UCW.BACKEND "Handling request from #(127 0 0 1) for \"/shared-counter/static/dojo/src/lang/type.js\"")
(IT.BESE.ARNESI:+INFO+ 3521156888 IT.BESE.UCW::UCW.BACKEND "Handling request from #(127 0 0 1) for \"/shared-counter/static/dojo/src/lang/repr.js\"")
(IT.BESE.ARNESI:+INFO+ 3521156888 IT.BESE.UCW::UCW.BACKEND "Handling request from #(127 0 0 1) for \"/shared-counter/static/dojo/src/AdapterRegistry.js\"")
(IT.BESE.ARNESI:+INFO+ 3521156888 IT.BESE.UCW::UCW.BACKEND "Handling request from #(127 0 0 1) for \"/shared-counter/static/dojo/src/logging/ConsoleLogger.js\"")
(IT.BESE.ARNESI:+INFO+ 3521156890 IT.BESE.UCW::UCW.BACKEND "Handling request from #(127 0 0 1) for \"/shared-counter/dynamic/polling?&%5Fs=_KtSwaXqBVxPTJKsRPEmgNLoEtKgJpsmypMJfsRhw&%5Ff=_SNCKUYAwXAybAXnSeGSF\"")
(IT.BESE.ARNESI:+INFO+ 3521156900 IT.BESE.UCW::UCW.BACKEND "Handling request from #(127 0 0 1) for \"/shared-counter/dynamic/ajax?%5Fs=_KtSwaXqBVxPTJKsRPEmgNLoEtKgJpsmypMJfsRhw&%5Ff=_SNCKUYAwXAybAXnSeGSF&%5Fa=_qgqLCExJQq&%5Fi=4725\"")
(IT.BESE.ARNESI:+INFO+ 3521156903 IT.BESE.UCW::UCW.BACKEND "Handling request from #(127 0 0 1) for \"/shared-counter/dynamic/ajax?%5Fs=_KtSwaXqBVxPTJKsRPEmgNLoEtKgJpsmypMJfsRhw&%5Ff=_SNCKUYAwXAybAXnSeGSF&%5Fa=_qgqLCExJQq&%5Fi=65859\"")
(IT.BESE.ARNESI:+INFO+ 3521156922 IT.BESE.UCW::UCW.BACKEND "Handling request from #(127 0 0 1) for \"/\"")
(IT.BESE.ARNESI:+INFO+ 3521156987 IT.BESE.UCW::UCW.BACKEND "Handling request from #(127 0 0 1) for \"/dynamic/ajax?%5Fs=_xUWSzcIGxSfywiMXtLVAffGaHPGroFMLbMIxGaTe&%5Ff=_sDWACQxQjYLjILfIkzhS&%5Fa=_FFThoihVpt&%5Fi=255915\"")
(IT.BESE.ARNESI:+INFO+ 3521156989 IT.BESE.UCW::UCW.BACKEND "Handling request from #(127 0 0 1) for \"/dynamic/ajax?%5Fs=_xUWSzcIGxSfywiMXtLVAffGaHPGroFMLbMIxGaTe&%5Ff=_sDWACQxQjYLjILfIkzhS&%5Fa=_cylsxGqqQI&%5Fi=287467\"")
(IT.BESE.ARNESI:+INFO+ 3521156991 IT.BESE.UCW::UCW.BACKEND "Handling request from #(127 0 0 1) for \"/dynamic/ajax?%5Fs=_xUWSzcIGxSfywiMXtLVAffGaHPGroFMLbMIxGaTe&%5Ff=_NECaZvuumrdwPDobsewh&%5Fa=_mgxnVMvsFn&%5Fi=660689\"")
(IT.BESE.ARNESI:+INFO+ 3521156992 IT.BESE.UCW::UCW.BACKEND "Handling request from #(127 0 0 1) for \"/dynamic/ajax?%5Fs=_xUWSzcIGxSfywiMXtLVAffGaHPGroFMLbMIxGaTe&%5Ff=_jjlJecIetHManUsoCZGc&%5Fa=_olvhEXXnxX&%5Fi=19115\"")
(IT.BESE.ARNESI:+INFO+ 3521156995 IT.BESE.UCW::UCW.BACKEND "Handling request from #(127 0 0 1) for \"/dynamic/ajax?%5Fs=_xUWSzcIGxSfywiMXtLVAffGaHPGroFMLbMIxGaTe&%5Ff=_hiXUgIKRxOjGdWYuBpux&%5Fa=_OmfAUDNMOt&%5Fi=888970\"")
(IT.BESE.ARNESI:+INFO+ 3521156999 IT.BESE.UCW::UCW.BACKEND "Handling request from #(127 0 0 1) for \"/?%5Fs=_xUWSzcIGxSfywiMXtLVAffGaHPGroFMLbMIxGaTe&%5Ff=_hiXUgIKRxOjGdWYuBpux&%5Fa=_htJQyIntDp&%5Fi=192361\"")
(IT.BESE.ARNESI:+INFO+ 3521157002 IT.BESE.UCW::UCW.BACKEND "Handling request from #(127 0 0 1) for \"/dynamic/ajax?%5Fs=_xUWSzcIGxSfywiMXtLVAffGaHPGroFMLbMIxGaTe&%5Ff=_hJoMbGPpuSXsmYsuMezw&%5Fa=_urrJjsgIXp&%5Fi=652197\"")
(IT.BESE.ARNESI:+INFO+ 3521157003 IT.BESE.UCW::UCW.BACKEND "Handling request from #(127 0 0 1) for \"/dynamic/ajax?%5Fs=_xUWSzcIGxSfywiMXtLVAffGaHPGroFMLbMIxGaTe&%5Ff=_knFODdeNiQsesEUsHVPv&%5Fa=_dTtEXQOgMD&%5Fi=854389\"")
(IT.BESE.ARNESI:+INFO+ 3521157008 IT.BESE.UCW::UCW.BACKEND "Handling request from #(127 0 0 1) for \"/dynamic/ajax?%5Fs=_xUWSzcIGxSfywiMXtLVAffGaHPGroFMLbMIxGaTe&%5Ff=_hJoMbGPpuSXsmYsuMezw&%5Fa=_PXEhiqzuSZ&%5Fi=54084\"")
(IT.BESE.ARNESI:+INFO+ 3521161159 IT.BESE.UCW::UCW.BACKEND "Handled request in 4259.666 secs (request came from #(127 0 0 1) for \"/shared-counter/dynamic/ajax?%5Fs=_KtSwaXqBVxPTJKsRPEmgNLoEtKgJpsmypMJfsRhw&%5Ff=_SNCKUYAwXAybAXnSeGSF&%5Fa=_qgqLCExJQq&%5Fi=4725\")")
(IT.BESE.ARNESI:+INFO+ 3521161166 IT.BESE.UCW::UCW.BACKEND "Handled request in 4276.266 secs (request came from #(127 0 0 1) for \"/shared-counter/dynamic/polling?&%5Fs=_KtSwaXqBVxPTJKsRPEmgNLoEtKgJpsmypMJfsRhw&%5Ff=_SNCKUYAwXAybAXnSeGSF\")")
(IT.BESE.ARNESI:+INFO+ 3521161168 IT.BESE.UCW::UCW.BACKEND "Handled request in 4265.030 secs (request came from #(127 0 0 1) for \"/shared-counter/dynamic/ajax?%5Fs=_KtSwaXqBVxPTJKsRPEmgNLoEtKgJpsmypMJfsRhw&%5Ff=_SNCKUYAwXAybAXnSeGSF&%5Fa=_qgqLCExJQq&%5Fi=65859\")")
(IT.BESE.ARNESI:+INFO+ 3521161264 IT.BESE.UCW::UCW.BACKEND "Handling request from #(127 0 0 1) for \"/dynamic/ajax?%5Fs=_xUWSzcIGxSfywiMXtLVAffGaHPGroFMLbMIxGaTe&%5Ff=_hJoMbGPpuSXsmYsuMezw&%5Fa=_ZBGiSxEnnj&%5Fi=67735\"")
(IT.BESE.ARNESI:+INFO+ 3521161268 IT.BESE.UCW::UCW.BACKEND "Handling request from #(127 0 0 1) for \"/?%5Fs=_xUWSzcIGxSfywiMXtLVAffGaHPGroFMLbMIxGaTe&%5Ff=_hiXUgIKRxOjGdWYuBpux&%5Fa=_htJQyIntDp&%5Fi=192361\"")
(IT.BESE.ARNESI:+INFO+ 3521161268 IT.BESE.UCW::UCW.BACKEND "Handling request from #(127 0 0 1) for \"/static/ucw/ucw.css\"")
(IT.BESE.ARNESI:+INFO+ 3521161268 IT.BESE.UCW::UCW.BACKEND "Handling request from #(127 0 0 1) for \"/static/examples.css\"")
(IT.BESE.ARNESI:+INFO+ 3521161268 IT.BESE.UCW::UCW.BACKEND "Handling request from #(127 0 0 1) for \"/dynamic/js/per-application.js\"")
(IT.BESE.ARNESI:+INFO+ 3521161268 IT.BESE.UCW::UCW.BACKEND "Handling request from #(127 0 0 1) for \"/static/dojo/dojo.js\"")
(IT.BESE.ARNESI:+INFO+ 3521161269 IT.BESE.UCW::UCW.BACKEND "Handled request in 0.105 secs (request came from #(127 0 0 1) for \"/static/ucw/ucw.css\")")
(IT.BESE.ARNESI:+INFO+ 3521161269 IT.BESE.UCW::UCW.BACKEND "Handling request from #(127 0 0 1) for \"/dynamic/js/functional.js\"")
(IT.BESE.ARNESI:+INFO+ 3521161269 IT.BESE.UCW::UCW.BACKEND "Handling request from #(127 0 0 1) for \"/static/dojo/src/debug.js\"")
(IT.BESE.ARNESI:+INFO+ 3521161269 IT.BESE.UCW::UCW.BACKEND "Handling request from #(127 0 0 1) for \"/static/dojo/src/browser_debug.js\"")
(IT.BESE.ARNESI:+INFO+ 3521161269 IT.BESE.UCW::UCW.BACKEND "Handling request from #(127 0 0 1) for \"/dynamic/js/per-locale.js\"")
(IT.BESE.ARNESI:+INFO+ 3521161269 IT.BESE.UCW::UCW.BACKEND "Handling request from #(127 0 0 1) for \"/static/dojo/src/debug/console.js\"")
(IT.BESE.ARNESI:+INFO+ 3521161269 IT.BESE.UCW::UCW.BACKEND "Handling request from #(127 0 0 1) for \"/static/dojo/src/lang/__package__.js\"")
(IT.BESE.ARNESI:+INFO+ 3521161269 IT.BESE.UCW::UCW.BACKEND "Handling request from #(127 0 0 1) for \"/static/dojo/src/lang/assert.js\"")
(IT.BESE.ARNESI:+INFO+ 3521161269 IT.BESE.UCW::UCW.BACKEND "Handling request from #(127 0 0 1) for \"/static/dojo/src/lang/type.js\"")
(IT.BESE.ARNESI:+INFO+ 3521161269 IT.BESE.UCW::UCW.BACKEND "Handling request from #(127 0 0 1) for \"/static/dojo/src/lang/repr.js\"")
(IT.BESE.ARNESI:+INFO+ 3521161269 IT.BESE.UCW::UCW.BACKEND "Handling request from #(127 0 0 1) for \"/static/dojo/src/AdapterRegistry.js\"")
(IT.BESE.ARNESI:+INFO+ 3521161269 IT.BESE.UCW::UCW.BACKEND "Handling request from #(127 0 0 1) for \"/static/dojo/src/logging/ConsoleLogger.js\"")
(IT.BESE.ARNESI:+INFO+ 3521161269 IT.BESE.UCW::UCW.BACKEND "Handling request from #(127 0 0 1) for \"/static/dojo/src/lang/type.js\"")
(IT.BESE.ARNESI:+INFO+ 3521161269 IT.BESE.UCW::UCW.BACKEND "Handling request from #(127 0 0 1) for \"/static/dojo/src/lang/__package__.js\"")
(IT.BESE.ARNESI:+INFO+ 3521161269 IT.BESE.UCW::UCW.BACKEND "Handling request from #(127 0 0 1) for \"/static/dojo/src/logging/ConsoleLogger.js\"")
(IT.BESE.ARNESI:+INFO+ 3521161269 IT.BESE.UCW::UCW.BACKEND "Handling request from #(127 0 0 1) for \"/static/dojo/src/lang/repr.js\"")
(IT.BESE.ARNESI:+INFO+ 3521161269 IT.BESE.UCW::UCW.BACKEND "Handling request from #(127 0 0 1) for \"/static/dojo/src/lang/assert.js\"")
(IT.BESE.ARNESI:+INFO+ 3521161269 IT.BESE.UCW::UCW.BACKEND "Handling request from #(127 0 0 1) for \"/static/dojo/src/AdapterRegistry.js\"")
(IT.BESE.ARNESI:+INFO+ 3521161269 IT.BESE.UCW::UCW.BACKEND "Handling request from #(127 0 0 1) for \"/static/dojo/src/debug/console.js\"")
(IT.BESE.ARNESI:+INFO+ 3521161270 IT.BESE.UCW::UCW.BACKEND "Handling request from #(127 0 0 1) for \"/static/dojo/src/widget/templates/images/tab_close.gif\"")
(IT.BESE.ARNESI:+INFO+ 3521161273 IT.BESE.UCW::UCW.BACKEND "Handling request from #(127 0 0 1) for \"/dynamic/ajax?%5Fs=_IEjsDfzDqxFCufjhlcUTdaqczNaJXaHsLXFnYNYj&%5Ff=_vEqRAGJTeNNObkszfKAK&%5Fa=_mpUTFJkygE&%5Fi=877467\"")
(IT.BESE.ARNESI:+INFO+ 3521161275 IT.BESE.UCW::UCW.BACKEND "Handling request from #(127 0 0 1) for \"/?%5Fs=_IEjsDfzDqxFCufjhlcUTdaqczNaJXaHsLXFnYNYj&%5Ff=_vEqRAGJTeNNObkszfKAK&%5Fa=_TLHTkqTNUw&%5Fi=284691\"")
(IT.BESE.ARNESI:+INFO+ 3521161276 IT.BESE.UCW::UCW.BACKEND "Handling request from #(127 0 0 1) for \"/?%5Fs=_IEjsDfzDqxFCufjhlcUTdaqczNaJXaHsLXFnYNYj&%5Ff=_axFFWzVZmNfOFBlltVzd&%5Fa=_QZfGftqQoc&%5Fi=314983\"")
(IT.BESE.ARNESI:+INFO+ 3521161296 IT.BESE.UCW::UCW.BACKEND "Handling request from #(127 0 0 1) for \"/dynamic/ajax?%5Fs=_IEjsDfzDqxFCufjhlcUTdaqczNaJXaHsLXFnYNYj&%5Ff=_bsYrdvGznZFQeuhaQCpj&%5Fa=_UWrHMYNTgU&%5Fi=533382\"")
(IT.BESE.ARNESI:+INFO+ 3521189310 IT.BESE.UCW::UCW.BACKEND "Handling request from #(127 0 0 1) for \"/?%5Fs=_IEjsDfzDqxFCufjhlcUTdaqczNaJXaHsLXFnYNYj&%5Ff=_WKzqmSUqWXjhKDDKAxBY&%5Fa=_DlgDItTOrO&%5Fi=880622\"")
(IT.BESE.ARNESI:+INFO+ 3521189310 IT.BESE.UCW::UCW.BACKEND "Handled request in 0.139 secs (request came from #(127 0 0 1) for \"/?%5Fs=_IEjsDfzDqxFCufjhlcUTdaqczNaJXaHsLXFnYNYj&%5Ff=_WKzqmSUqWXjhKDDKAxBY&%5Fa=_DlgDItTOrO&%5Fi=880622\")")
(IT.BESE.ARNESI:+INFO+ 3521189310 IT.BESE.UCW::UCW.BACKEND "Handling request from #(127 0 0 1) for \"/dynamic/js/functional.js\"")
(IT.BESE.ARNESI:+INFO+ 3521189310 IT.BESE.UCW::UCW.BACKEND "Handling request from #(127 0 0 1) for \"/dynamic/js/per-application.js\"")
(IT.BESE.ARNESI:+INFO+ 3521189310 IT.BESE.UCW::UCW.BACKEND "Handling request from #(127 0 0 1) for \"/dynamic/js/per-locale.js\"")
(IT.BESE.ARNESI:+INFO+ 3521298111 IT.BESE.UCW::UCW.BACKEND "Registered application #<EXAMPLE-APPLICATION / {1002BD01C1}> created by IT.BESE.UCW-USER::*EXAMPLE-APPLICATION*")
(IT.BESE.ARNESI:+INFO+ 3521298111 IT.BESE.UCW::UCW.BACKEND "Registered application #<STANDARD-APPLICATION /ucw/ {100561D101}> created by IT.BESE.UCW::*ADMIN-APPLICATION*")
(IT.BESE.ARNESI:+INFO+ 3521298111 IT.BESE.UCW::UCW.BACKEND "Registered application #<L10N-APPLICATION /l10n/ {1002DB6D01}> created by (WHEN (BOUNDP 'IT.BESE.UCW-USER::*L10N-EXAMPLE-APPLICATION*) IT.BESE.UCW-USER::*L10N-EXAMPLE-APPLICATION*)")
(IT.BESE.ARNESI:+INFO+ 3521298111 IT.BESE.UCW::UCW.BACKEND "Registered application #<SHARED-COUNTER-APPLICATION /shared-counter/ {1002DB6CE1}> created by (WHEN (BOUNDP 'IT.BESE.UCW-USER::*SHARED-COUNTER-APPLICATION*) IT.BESE.UCW-USER::*SHARED-COUNTER-APPLICATION*)")
(IT.BESE.ARNESI:+INFO+ 3521298111 IT.BESE.UCW::UCW.BACKEND "Spawned new worker thread #<HTTPD-WORKER httpd worker 0 {1003D82041}>")
(IT.BESE.ARNESI:+INFO+ 3521298111 IT.BESE.UCW::UCW.BACKEND "Spawned new worker thread #<HTTPD-WORKER httpd worker 1 {1004339481}>")
(IT.BESE.ARNESI:+INFO+ 3521298212 IT.BESE.UCW::UCW.BACKEND "Registered application #<EXAMPLE-APPLICATION / {10036A4F51}> created by IT.BESE.UCW-USER::*EXAMPLE-APPLICATION*")
(IT.BESE.ARNESI:+INFO+ 3521298212 IT.BESE.UCW::UCW.BACKEND "Registered application #<STANDARD-APPLICATION /ucw/ {1005128BC1}> created by IT.BESE.UCW::*ADMIN-APPLICATION*")
(IT.BESE.ARNESI:+INFO+ 3521298212 IT.BESE.UCW::UCW.BACKEND "Registered application #<L10N-APPLICATION /l10n/ {10031FF9B1}> created by (WHEN (BOUNDP 'IT.BESE.UCW-USER::*L10N-EXAMPLE-APPLICATION*) IT.BESE.UCW-USER::*L10N-EXAMPLE-APPLICATION*)")
(IT.BESE.ARNESI:+INFO+ 3521298212 IT.BESE.UCW::UCW.BACKEND "Registered application #<SHARED-COUNTER-APPLICATION /shared-counter/ {10036A4F71}> created by (WHEN (BOUNDP 'IT.BESE.UCW-USER::*SHARED-COUNTER-APPLICATION*) IT.BESE.UCW-USER::*SHARED-COUNTER-APPLICATION*)")
(IT.BESE.ARNESI:+INFO+ 3521298213 IT.BESE.UCW::UCW.BACKEND "Spawned new worker thread #<HTTPD-WORKER httpd worker 0 {1006211081}>")
(IT.BESE.ARNESI:+INFO+ 3521298213 IT.BESE.UCW::UCW.BACKEND "Spawned new worker thread #<HTTPD-WORKER httpd worker 1 {1006496351}>")
(IT.BESE.ARNESI:+INFO+ 3521298238 IT.BESE.UCW::UCW.BACKEND "Handling request from #(127 0 0 1) for \"/\"")
(IT.BESE.ARNESI:+INFO+ 3521298247 IT.BESE.UCW::UCW.BACKEND "Handled request in 8.874 secs (request came from #(127 0 0 1) for \"/\")")
(IT.BESE.ARNESI:+INFO+ 3521298247 IT.BESE.UCW::UCW.BACKEND "Handling request from #(127 0 0 1) for \"/dynamic/js/per-application.js\"")
(IT.BESE.ARNESI:+INFO+ 3521298248 IT.BESE.UCW::UCW.BACKEND "Handling request from #(127 0 0 1) for \"/dynamic/js/functional.js\"")
(IT.BESE.ARNESI:+INFO+ 3521298248 IT.BESE.UCW::UCW.BACKEND "Handled request in 0.712 secs (request came from #(127 0 0 1) for \"/dynamic/js/functional.js\")")
(IT.BESE.ARNESI:+INFO+ 3521298249 IT.BESE.UCW::UCW.BACKEND "Handled request in 1.122 secs (request came from #(127 0 0 1) for \"/dynamic/js/per-application.js\")")
(IT.BESE.ARNESI:+INFO+ 3521298249 IT.BESE.UCW::UCW.BACKEND "Handling request from #(127 0 0 1) for \"/dynamic/js/per-locale.js\"")
(IT.BESE.ARNESI:+INFO+ 3521298256 IT.BESE.UCW::UCW.BACKEND "Handling request from #(127 0 0 1) for \"/dynamic/ajax?%5Fs=_aooPuhnPkpJvCkhqlmXoPjdZIYyjOpivPMopTnBm&%5Ff=_aQVKLyvMJswXCwEEKhAk&%5Fa=_qALSGWORYm&%5Fi=758272\"")
(IT.BESE.ARNESI:+INFO+ 3521298256 IT.BESE.UCW::UCW.BACKEND "Handled request in 0.293 secs (request came from #(127 0 0 1) for \"/dynamic/ajax?%5Fs=_aooPuhnPkpJvCkhqlmXoPjdZIYyjOpivPMopTnBm&%5Ff=_aQVKLyvMJswXCwEEKhAk&%5Fa=_qALSGWORYm&%5Fi=758272\")")
(IT.BESE.ARNESI:+INFO+ 3521298257 IT.BESE.UCW::UCW.BACKEND "Handling request from #(127 0 0 1) for \"/dynamic/ajax?%5Fs=_aooPuhnPkpJvCkhqlmXoPjdZIYyjOpivPMopTnBm&%5Ff=_aQVKLyvMJswXCwEEKhAk&%5Fa=_jPEVAGtmPB&%5Fi=742777\"")
(IT.BESE.ARNESI:+INFO+ 3521321998 IT.BESE.UCW::UCW.BACKEND "Handling request from #(127 0 0 1) for \"/dynamic/ajax?%5Fa=%5FmioatiVHLZ&%5Fs=%5FaooPuhnPkpJvCkhqlmXoPjdZIYyjOpivPMopTnBm&%5Ff=%5FaQVKLyvMJswXCwEEKhAk\"")
(IT.BESE.ARNESI:+INFO+ 3521322013 IT.BESE.UCW::UCW.BACKEND "Handled request in 14.962 secs (request came from #(127 0 0 1) for \"/dynamic/ajax?%5Fa=%5FmioatiVHLZ&%5Fs=%5FaooPuhnPkpJvCkhqlmXoPjdZIYyjOpivPMopTnBm&%5Ff=%5FaQVKLyvMJswXCwEEKhAk\")")
(IT.BESE.ARNESI:+INFO+ 3521326959 IT.BESE.UCW::UCW.BACKEND "Handling request from #(127 0 0 1) for \"/dynamic/ajax?%5Fs=_aooPuhnPkpJvCkhqlmXoPjdZIYyjOpivPMopTnBm&%5Ff=_aQVKLyvMJswXCwEEKhAk&%5Fa=_nEPhVkHmeq&%5Fi=50412\"")
(IT.BESE.ARNESI:+INFO+ 3521326959 IT.BESE.UCW::UCW.BACKEND "Handled request in 0.061 secs (request came from #(127 0 0 1) for \"/dynamic/ajax?%5Fs=_aooPuhnPkpJvCkhqlmXoPjdZIYyjOpivPMopTnBm&%5Ff=_aQVKLyvMJswXCwEEKhAk&%5Fa=_nEPhVkHmeq&%5Fi=50412\")")
(IT.BESE.ARNESI:+INFO+ 3521326962 IT.BESE.UCW::UCW.BACKEND "Handling request from #(127 0 0 1) for \"/\"")
(IT.BESE.ARNESI:+INFO+ 3521326977 IT.BESE.UCW::UCW.BACKEND "Handled request in 15.743 secs (request came from #(127 0 0 1) for \"/\")")
(IT.BESE.ARNESI:+INFO+ 3521326978 IT.BESE.UCW::UCW.BACKEND "Handling request from #(127 0 0 1) for \"/static/ucw/ucw.css\"")
(IT.BESE.ARNESI:+INFO+ 3521326979 IT.BESE.UCW::UCW.BACKEND "Handled request in 0.272 secs (request came from #(127 0 0 1) for \"/static/ucw/ucw.css\")")
(IT.BESE.ARNESI:+INFO+ 3521326979 IT.BESE.UCW::UCW.BACKEND "Handling request from #(127 0 0 1) for \"/static/examples.css\"")
(IT.BESE.ARNESI:+INFO+ 3521326979 IT.BESE.UCW::UCW.BACKEND "Spawned new worker thread #<HTTPD-WORKER httpd worker 2 {1003538871}>")
(IT.BESE.ARNESI:+INFO+ 3521326979 IT.BESE.UCW::UCW.BACKEND "Handling request from #(127 0 0 1) for \"/dynamic/js/functional.js\"")
(IT.BESE.ARNESI:+INFO+ 3521326979 IT.BESE.UCW::UCW.BACKEND "Handled request in 0.091 secs (request came from #(127 0 0 1) for \"/dynamic/js/functional.js\")")
(IT.BESE.ARNESI:+INFO+ 3521326979 IT.BESE.UCW::UCW.BACKEND "Spawned new worker thread #<HTTPD-WORKER httpd worker 3 {1003588B61}>")
(IT.BESE.ARNESI:+INFO+ 3521326979 IT.BESE.UCW::UCW.BACKEND "Handling request from #(127 0 0 1) for \"/static/dojo/dojo.js\"")
(IT.BESE.ARNESI:+INFO+ 3521326979 IT.BESE.UCW::UCW.BACKEND "Handled request in 0.144 secs (request came from #(127 0 0 1) for \"/static/dojo/dojo.js\")")
(IT.BESE.ARNESI:+INFO+ 3521326979 IT.BESE.UCW::UCW.BACKEND "Handling request from #(127 0 0 1) for \"/dynamic/js/per-application.js\"")
(IT.BESE.ARNESI:+INFO+ 3521326979 IT.BESE.UCW::UCW.BACKEND "Handled request in 0.551 secs (request came from #(127 0 0 1) for \"/static/examples.css\")")
(IT.BESE.ARNESI:+INFO+ 3521326981 IT.BESE.UCW::UCW.BACKEND "Handling request from #(127 0 0 1) for \"/static/dojo/src/debug.js\"")
(IT.BESE.ARNESI:+INFO+ 3521326981 IT.BESE.UCW::UCW.BACKEND "Handling request from #(127 0 0 1) for \"/static/dojo/src/browser_debug.js\"")
(IT.BESE.ARNESI:+INFO+ 3521326982 IT.BESE.UCW::UCW.BACKEND "Handling request from #(127 0 0 1) for \"/dynamic/js/per-locale.js\"")
(IT.BESE.ARNESI:+INFO+ 3521326984 IT.BESE.UCW::UCW.BACKEND "Handling request from #(127 0 0 1) for \"/static/dojo/src/debug/console.js\"")
(IT.BESE.ARNESI:+INFO+ 3521326984 IT.BESE.UCW::UCW.BACKEND "Handling request from #(127 0 0 1) for \"/static/dojo/src/lang/__package__.js\"")
(IT.BESE.ARNESI:+INFO+ 3521326984 IT.BESE.UCW::UCW.BACKEND "Handled request in 0.056 secs (request came from #(127 0 0 1) for \"/static/dojo/src/lang/__package__.js\")")
(IT.BESE.ARNESI:+INFO+ 3521326984 IT.BESE.UCW::UCW.BACKEND "Handling request from #(127 0 0 1) for \"/static/dojo/src/lang/assert.js\"")
(IT.BESE.ARNESI:+INFO+ 3521326984 IT.BESE.UCW::UCW.BACKEND "Handling request from #(127 0 0 1) for \"/static/dojo/src/lang/type.js\"")
(IT.BESE.ARNESI:+INFO+ 3521326984 IT.BESE.UCW::UCW.BACKEND "Handling request from #(127 0 0 1) for \"/static/dojo/src/lang/repr.js\"")
(IT.BESE.ARNESI:+INFO+ 3521326984 IT.BESE.UCW::UCW.BACKEND "Handling request from #(127 0 0 1) for \"/static/dojo/src/AdapterRegistry.js\"")
(IT.BESE.ARNESI:+INFO+ 3521326984 IT.BESE.UCW::UCW.BACKEND "Handling request from #(127 0 0 1) for \"/static/dojo/src/logging/ConsoleLogger.js\"")
(IT.BESE.ARNESI:+INFO+ 3521326985 IT.BESE.UCW::UCW.BACKEND "Handling request from #(127 0 0 1) for \"/static/dojo/src/lang/type.js\"")
(IT.BESE.ARNESI:+INFO+ 3521326985 IT.BESE.UCW::UCW.BACKEND "Handling request from #(127 0 0 1) for \"/static/dojo/src/lang/assert.js\"")
(IT.BESE.ARNESI:+INFO+ 3521326985 IT.BESE.UCW::UCW.BACKEND "Handling request from #(127 0 0 1) for \"/static/dojo/src/AdapterRegistry.js\"")
(IT.BESE.ARNESI:+INFO+ 3521326985 IT.BESE.UCW::UCW.BACKEND "Handling request from #(127 0 0 1) for \"/static/dojo/src/lang/repr.js\"")
(IT.BESE.ARNESI:+INFO+ 3521326985 IT.BESE.UCW::UCW.BACKEND "Handling request from #(127 0 0 1) for \"/static/dojo/src/lang/__package__.js\"")
(IT.BESE.ARNESI:+INFO+ 3521326985 IT.BESE.UCW::UCW.BACKEND "Handling request from #(127 0 0 1) for \"/static/dojo/src/logging/ConsoleLogger.js\"")
(IT.BESE.ARNESI:+INFO+ 3521326985 IT.BESE.UCW::UCW.BACKEND "Handling request from #(127 0 0 1) for \"/static/dojo/src/debug/console.js\"")
(IT.BESE.ARNESI:+INFO+ 3521326985 IT.BESE.UCW::UCW.BACKEND "Handling request from #(127 0 0 1) for \"/static/dojo/src/widget/templates/images/tab_close.gif\"")
(IT.BESE.ARNESI:+INFO+ 3521326985 IT.BESE.UCW::UCW.BACKEND "Handled request in 0.079 secs (request came from #(127 0 0 1) for \"/static/dojo/src/widget/templates/images/tab_close.gif\")")
(IT.BESE.ARNESI:+INFO+ 3521326988 IT.BESE.UCW::UCW.BACKEND "Handling request from #(127 0 0 1) for \"/dynamic/ajax?%5Fs=_xiHKOhuriatwxJSRDStCTLmUIOOqfmByxYJGGmPK&%5Ff=_eyzoLPwGplbXpvDRyqLW&%5Fa=_jfKloZhiSr&%5Fi=862058\"")
(IT.BESE.ARNESI:+INFO+ 3521326989 IT.BESE.UCW::UCW.BACKEND "Handled request in 0.986 secs (request came from #(127 0 0 1) for \"/dynamic/ajax?%5Fs=_xiHKOhuriatwxJSRDStCTLmUIOOqfmByxYJGGmPK&%5Ff=_eyzoLPwGplbXpvDRyqLW&%5Fa=_jfKloZhiSr&%5Fi=862058\")")
(IT.BESE.ARNESI:+INFO+ 3521326991 IT.BESE.UCW::UCW.BACKEND "Handling request from #(127 0 0 1) for \"/static/dojo/src/widget/templates/images/dateIcon.gif\"")
(IT.BESE.ARNESI:+INFO+ 3521326991 IT.BESE.UCW::UCW.BACKEND "Handling request from #(127 0 0 1) for \"/static/dojo/src/widget/templates/images/incrementMonth.png\"")
(IT.BESE.ARNESI:+INFO+ 3521326991 IT.BESE.UCW::UCW.BACKEND "Handling request from #(127 0 0 1) for \"/static/dojo/src/widget/templates/images/decrementMonth.png\"")
(IT.BESE.ARNESI:+INFO+ 3521326991 IT.BESE.UCW::UCW.BACKEND "Handling request from #(127 0 0 1) for \"/static/dojo/src/widget/templates/images/timeIcon.gif\"")
(IT.BESE.ARNESI:+INFO+ 3521326996 IT.BESE.UCW::UCW.BACKEND "Handling request from #(127 0 0 1) for \"/dynamic/ajax?%5Fs=_xiHKOhuriatwxJSRDStCTLmUIOOqfmByxYJGGmPK&%5Ff=_eyzoLPwGplbXpvDRyqLW&%5Fa=_RkpYmobrFn&%5Fi=978245\"")
(IT.BESE.ARNESI:+INFO+ 3521326996 IT.BESE.UCW::UCW.BACKEND "Handled request in 0.171 secs (request came from #(127 0 0 1) for \"/dynamic/ajax?%5Fs=_xiHKOhuriatwxJSRDStCTLmUIOOqfmByxYJGGmPK&%5Ff=_eyzoLPwGplbXpvDRyqLW&%5Fa=_RkpYmobrFn&%5Fi=978245\")")
(IT.BESE.ARNESI:+INFO+ 3521326998 IT.BESE.UCW::UCW.BACKEND "Handling request from #(127 0 0 1) for \"/dynamic/ajax?%5Fs=_xiHKOhuriatwxJSRDStCTLmUIOOqfmByxYJGGmPK&%5Ff=_eyzoLPwGplbXpvDRyqLW&%5Fa=_jfKloZhiSr&%5Fi=821164\"")
(IT.BESE.ARNESI:+INFO+ 3521326998 IT.BESE.UCW::UCW.BACKEND "Handled request in 0.102 secs (request came from #(127 0 0 1) for \"/dynamic/ajax?%5Fs=_xiHKOhuriatwxJSRDStCTLmUIOOqfmByxYJGGmPK&%5Ff=_eyzoLPwGplbXpvDRyqLW&%5Fa=_jfKloZhiSr&%5Fi=821164\")")
(IT.BESE.ARNESI:+INFO+ 3521327009 IT.BESE.UCW::UCW.BACKEND "Handling request from #(127 0 0 1) for \"/static/dojo/src/widget/templates/images/dpHorizLine.gif\"")
(IT.BESE.ARNESI:+INFO+ 3521327009 IT.BESE.UCW::UCW.BACKEND "Handled request in 0.061 secs (request came from #(127 0 0 1) for \"/static/dojo/src/widget/templates/images/dpHorizLine.gif\")")
(IT.BESE.ARNESI:+INFO+ 3521327009 IT.BESE.UCW::UCW.BACKEND "Handling request from #(127 0 0 1) for \"/static/dojo/src/widget/templates/images/dpCurveTL.png\"")
(IT.BESE.ARNESI:+INFO+ 3521327009 IT.BESE.UCW::UCW.BACKEND "Handling request from #(127 0 0 1) for \"/static/dojo/src/widget/templates/images/dpMonthBg.png\"")
(IT.BESE.ARNESI:+INFO+ 3521327009 IT.BESE.UCW::UCW.BACKEND "Handling request from #(127 0 0 1) for \"/static/dojo/src/widget/templates/images/dpCurveTR.png\"")
(IT.BESE.ARNESI:+INFO+ 3521327009 IT.BESE.UCW::UCW.BACKEND "Handling request from #(127 0 0 1) for \"/static/dojo/src/widget/templates/images/dpVertLine.gif\"")
(IT.BESE.ARNESI:+INFO+ 3521327009 IT.BESE.UCW::UCW.BACKEND "Handling request from #(127 0 0 1) for \"/static/dojo/src/widget/templates/images/dpHorizLineFoot.gif\"")
(IT.BESE.ARNESI:+INFO+ 3521327009 IT.BESE.UCW::UCW.BACKEND "Handling request from #(127 0 0 1) for \"/static/dojo/src/widget/templates/images/dpBg.gif\"")
(IT.BESE.ARNESI:+INFO+ 3521327009 IT.BESE.UCW::UCW.BACKEND "Handled request in 0.155 secs (request came from #(127 0 0 1) for \"/static/dojo/src/widget/templates/images/dpBg.gif\")")
(IT.BESE.ARNESI:+INFO+ 3521327009 IT.BESE.UCW::UCW.BACKEND "Handled request in 0.156 secs (request came from #(127 0 0 1) for \"/static/dojo/src/widget/templates/images/dpCurveTR.png\")")
(IT.BESE.ARNESI:+INFO+ 3521327009 IT.BESE.UCW::UCW.BACKEND "Handled request in 0.068 secs (request came from #(127 0 0 1) for \"/static/dojo/src/widget/templates/images/dpHorizLineFoot.gif\")")
(IT.BESE.ARNESI:+INFO+ 3521327009 IT.BESE.UCW::UCW.BACKEND "Handled request in 0.075 secs (request came from #(127 0 0 1) for \"/static/dojo/src/widget/templates/images/dpVertLine.gif\")")
(IT.BESE.ARNESI:+INFO+ 3521327009 IT.BESE.UCW::UCW.BACKEND "Handling request from #(127 0 0 1) for \"/static/dojo/src/widget/templates/images/dpCurveBL.png\"")
(IT.BESE.ARNESI:+INFO+ 3521327009 IT.BESE.UCW::UCW.BACKEND "Handling request from #(127 0 0 1) for \"/static/dojo/src/widget/templates/images/dpCurveBR.png\"")
(IT.BESE.ARNESI:+INFO+ 3521327009 IT.BESE.UCW::UCW.BACKEND "Handling request from #(127 0 0 1) for \"/static/dojo/src/widget/templates/images/dpYearBg.png\"")
(IT.BESE.ARNESI:+INFO+ 3521327031 IT.BESE.UCW::UCW.BACKEND "Handling request from #(127 0 0 1) for \"/dynamic/ajax?%5Fs=_xiHKOhuriatwxJSRDStCTLmUIOOqfmByxYJGGmPK&%5Ff=_eyzoLPwGplbXpvDRyqLW&%5Fa=_ENsZRANMxw&%5Fi=856271\"")
(IT.BESE.ARNESI:+INFO+ 3521327034 IT.BESE.UCW::UCW.BACKEND "Handling request from #(127 0 0 1) for \"/dynamic/ajax?%5Fs=_xiHKOhuriatwxJSRDStCTLmUIOOqfmByxYJGGmPK&%5Ff=_eyzoLPwGplbXpvDRyqLW&%5Fa=_iXiKrdxikE&%5Fi=73109\"")
(IT.BESE.ARNESI:+INFO+ 3521327035 IT.BESE.UCW::UCW.BACKEND "Handled request in 1.439 secs (request came from #(127 0 0 1) for \"/dynamic/ajax?%5Fs=_xiHKOhuriatwxJSRDStCTLmUIOOqfmByxYJGGmPK&%5Ff=_eyzoLPwGplbXpvDRyqLW&%5Fa=_iXiKrdxikE&%5Fi=73109\")")
